2023-11-20 19:41:57,973 dumbo_node.py [line:65] run INFO node 2's starts to run consensus on process id 30150 
2023-11-20 19:41:57,975 dumbo.py [line:326] run_bft INFO Node 2 starts to run at time:1700480517.9756181 
2024-05-30 13:08:28,903 dumbo_node.py [line:65] run INFO node 2's starts to run consensus on process id 6376 
2024-05-30 13:08:28,907 dumbo.py [line:326] run_bft INFO Node 2 starts to run at time:1717045708.9077787 
2024-05-30 13:11:38,785 dumbo.py [line:394] run_bft INFO Node 2 Delivers ACS Block in Round 0 with having 7058 TXs 
2024-05-30 13:11:38,785 dumbo.py [line:397] run_bft INFO ACS Block Delay at Node 2: 0.07742714881896973 
2024-05-30 13:11:38,785 dumbo.py [line:399] run_bft INFO Current Block's TPS at Node 2: 91156.65638808571 
2024-05-30 13:19:44,217 dumbo_node.py [line:65] run INFO node 2's starts to run consensus on process id 11845 
2024-05-30 13:19:44,218 dumbo.py [line:326] run_bft INFO Node 2 starts to run at time:1717046384.2182865 
2024-05-30 13:20:53,564 dumbo_node.py [line:65] run INFO node 2's starts to run consensus on process id 11905 
2024-05-30 13:20:53,566 dumbo.py [line:326] run_bft INFO Node 2 starts to run at time:1717046453.5661304 
2024-05-30 13:23:03,147 dumbo.py [line:394] run_bft INFO Node 2 Delivers ACS Block in Round 0 with having 7074 TXs 
2024-05-30 13:23:03,147 dumbo.py [line:397] run_bft INFO ACS Block Delay at Node 2: 0.16666460037231445 
2024-05-30 13:23:03,147 dumbo.py [line:399] run_bft INFO Current Block's TPS at Node 2: 42444.526217308834 
2024-05-30 13:26:53,367 dumbo.py [line:394] run_bft INFO Node 2 Delivers ACS Block in Round 1 with having 128 TXs 
2024-05-30 13:26:53,367 dumbo.py [line:397] run_bft INFO ACS Block Delay at Node 2: 0.09429550170898438 
2024-05-30 13:26:53,367 dumbo.py [line:399] run_bft INFO Current Block's TPS at Node 2: 1357.4348476880132 
2024-05-30 13:30:11,163 dumbo.py [line:394] run_bft INFO Node 2 Delivers ACS Block in Round 2 with having 6978 TXs 
2024-05-30 13:30:11,163 dumbo.py [line:397] run_bft INFO ACS Block Delay at Node 2: 0.06153678894042969 
2024-05-30 13:30:11,163 dumbo.py [line:399] run_bft INFO Current Block's TPS at Node 2: 113395.58205994483 
2024-05-30 13:30:11,537 dumbo.py [line:394] run_bft INFO Node 2 Delivers ACS Block in Round 3 with having 3 TXs 
2024-05-30 13:30:11,538 dumbo.py [line:397] run_bft INFO ACS Block Delay at Node 2: 0.07261872291564941 
2024-05-30 13:30:11,538 dumbo.py [line:399] run_bft INFO Current Block's TPS at Node 2: 41.31166012771476 
2024-05-30 13:30:11,803 dumbo.py [line:394] run_bft INFO Node 2 Delivers ACS Block in Round 4 with having 3 TXs 
2024-05-30 13:30:11,803 dumbo.py [line:397] run_bft INFO ACS Block Delay at Node 2: 0.06426382064819336 
2024-05-30 13:30:11,803 dumbo.py [line:399] run_bft INFO Current Block's TPS at Node 2: 46.682565240296505 
2024-05-30 13:30:12,069 dumbo.py [line:394] run_bft INFO Node 2 Delivers ACS Block in Round 5 with having 3 TXs 
2024-05-30 13:30:12,069 dumbo.py [line:397] run_bft INFO ACS Block Delay at Node 2: 0.06564855575561523 
2024-05-30 13:30:12,069 dumbo.py [line:399] run_bft INFO Current Block's TPS at Node 2: 45.69788269475213 
2024-05-30 13:30:12,376 dumbo.py [line:394] run_bft INFO Node 2 Delivers ACS Block in Round 6 with having 3 TXs 
2024-05-30 13:30:12,376 dumbo.py [line:397] run_bft INFO ACS Block Delay at Node 2: 0.10635066032409668 
2024-05-30 13:30:12,376 dumbo.py [line:399] run_bft INFO Current Block's TPS at Node 2: 28.20856956466181 
2024-05-30 13:30:12,688 dumbo.py [line:394] run_bft INFO Node 2 Delivers ACS Block in Round 7 with having 3 TXs 
2024-05-30 13:30:12,688 dumbo.py [line:397] run_bft INFO ACS Block Delay at Node 2: 0.1112370491027832 
2024-05-30 13:30:12,688 dumbo.py [line:399] run_bft INFO Current Block's TPS at Node 2: 26.969431715399026 
2024-05-30 13:30:13,048 dumbo.py [line:394] run_bft INFO Node 2 Delivers ACS Block in Round 8 with having 3 TXs 
2024-05-30 13:30:13,048 dumbo.py [line:397] run_bft INFO ACS Block Delay at Node 2: 0.05723404884338379 
2024-05-30 13:30:13,048 dumbo.py [line:399] run_bft INFO Current Block's TPS at Node 2: 52.4163511166098 
2024-05-30 13:30:13,310 dumbo.py [line:394] run_bft INFO Node 2 Delivers ACS Block in Round 9 with having 3 TXs 
2024-05-30 13:30:13,310 dumbo.py [line:397] run_bft INFO ACS Block Delay at Node 2: 0.060153961181640625 
2024-05-30 13:30:13,310 dumbo.py [line:399] run_bft INFO Current Block's TPS at Node 2: 49.87202739552286 
2024-05-30 13:30:13,566 dumbo.py [line:394] run_bft INFO Node 2 Delivers ACS Block in Round 10 with having 3 TXs 
2024-05-30 13:30:13,567 dumbo.py [line:397] run_bft INFO ACS Block Delay at Node 2: 0.055005550384521484 
2024-05-30 13:30:13,567 dumbo.py [line:399] run_bft INFO Current Block's TPS at Node 2: 54.53995058731741 
2024-05-30 13:30:13,828 dumbo.py [line:394] run_bft INFO Node 2 Delivers ACS Block in Round 11 with having 3 TXs 
2024-05-30 13:30:13,828 dumbo.py [line:397] run_bft INFO ACS Block Delay at Node 2: 0.060373544692993164 
2024-05-30 13:30:13,828 dumbo.py [line:399] run_bft INFO Current Block's TPS at Node 2: 49.69063875999605 
2024-05-30 13:30:14,188 dumbo.py [line:394] run_bft INFO Node 2 Delivers ACS Block in Round 12 with having 3 TXs 
2024-05-30 13:30:14,188 dumbo.py [line:397] run_bft INFO ACS Block Delay at Node 2: 0.05915403366088867 
2024-05-30 13:30:14,188 dumbo.py [line:399] run_bft INFO Current Block's TPS at Node 2: 50.71505380677925 
2024-05-30 13:30:14,525 dumbo.py [line:394] run_bft INFO Node 2 Delivers ACS Block in Round 13 with having 3 TXs 
2024-05-30 13:30:14,526 dumbo.py [line:397] run_bft INFO ACS Block Delay at Node 2: 0.13631534576416016 
2024-05-30 13:30:14,526 dumbo.py [line:399] run_bft INFO Current Block's TPS at Node 2: 22.007793643353367 
2024-05-30 13:30:14,781 dumbo.py [line:394] run_bft INFO Node 2 Delivers ACS Block in Round 14 with having 3 TXs 
2024-05-30 13:30:14,782 dumbo.py [line:397] run_bft INFO ACS Block Delay at Node 2: 0.054193973541259766 
2024-05-30 13:30:14,782 dumbo.py [line:399] run_bft INFO Current Block's TPS at Node 2: 55.356708577864204 
2024-05-30 13:30:15,095 dumbo.py [line:394] run_bft INFO Node 2 Delivers ACS Block in Round 15 with having 3 TXs 
2024-05-30 13:30:15,095 dumbo.py [line:397] run_bft INFO ACS Block Delay at Node 2: 0.1127617359161377 
2024-05-30 13:30:15,095 dumbo.py [line:399] run_bft INFO Current Block's TPS at Node 2: 26.60476956678937 
2024-05-30 13:30:15,529 dumbo.py [line:394] run_bft INFO Node 2 Delivers ACS Block in Round 16 with having 3 TXs 
2024-05-30 13:30:15,529 dumbo.py [line:397] run_bft INFO ACS Block Delay at Node 2: 0.1319880485534668 
2024-05-30 13:30:15,529 dumbo.py [line:399] run_bft INFO Current Block's TPS at Node 2: 22.729330669547217 
2024-05-30 13:30:15,787 dumbo.py [line:394] run_bft INFO Node 2 Delivers ACS Block in Round 17 with having 3 TXs 
2024-05-30 13:30:15,787 dumbo.py [line:397] run_bft INFO ACS Block Delay at Node 2: 0.057486534118652344 
2024-05-30 13:30:15,787 dumbo.py [line:399] run_bft INFO Current Block's TPS at Node 2: 52.18613447469268 
2024-05-30 13:30:16,050 dumbo.py [line:394] run_bft INFO Node 2 Delivers ACS Block in Round 18 with having 3 TXs 
2024-05-30 13:30:16,050 dumbo.py [line:397] run_bft INFO ACS Block Delay at Node 2: 0.06228065490722656 
2024-05-30 13:30:16,050 dumbo.py [line:399] run_bft INFO Current Block's TPS at Node 2: 48.16905031696935 
2024-05-30 13:30:16,316 dumbo.py [line:394] run_bft INFO Node 2 Delivers ACS Block in Round 19 with having 3 TXs 
2024-05-30 13:30:16,316 dumbo.py [line:397] run_bft INFO ACS Block Delay at Node 2: 0.06485271453857422 
2024-05-30 13:30:16,316 dumbo.py [line:399] run_bft INFO Current Block's TPS at Node 2: 46.25866505889446 
2024-05-30 13:30:16,580 dumbo.py [line:394] run_bft INFO Node 2 Delivers ACS Block in Round 20 with having 3 TXs 
2024-05-30 13:30:16,580 dumbo.py [line:397] run_bft INFO ACS Block Delay at Node 2: 0.06260323524475098 
2024-05-30 13:30:16,580 dumbo.py [line:399] run_bft INFO Current Block's TPS at Node 2: 47.92084607562734 
2024-05-30 13:30:16,839 dumbo.py [line:394] run_bft INFO Node 2 Delivers ACS Block in Round 21 with having 3 TXs 
2024-05-30 13:30:16,839 dumbo.py [line:397] run_bft INFO ACS Block Delay at Node 2: 0.05796051025390625 
2024-05-30 13:30:16,839 dumbo.py [line:399] run_bft INFO Current Block's TPS at Node 2: 51.75937870211926 
2024-05-30 13:30:17,104 dumbo.py [line:394] run_bft INFO Node 2 Delivers ACS Block in Round 22 with having 3 TXs 
2024-05-30 13:30:17,104 dumbo.py [line:397] run_bft INFO ACS Block Delay at Node 2: 0.06302857398986816 
2024-05-30 13:30:17,104 dumbo.py [line:399] run_bft INFO Current Block's TPS at Node 2: 47.597459534500175 
2024-05-30 13:30:17,358 dumbo.py [line:394] run_bft INFO Node 2 Delivers ACS Block in Round 23 with having 3 TXs 
2024-05-30 13:30:17,358 dumbo.py [line:397] run_bft INFO ACS Block Delay at Node 2: 0.05351400375366211 
2024-05-30 13:30:17,358 dumbo.py [line:399] run_bft INFO Current Block's TPS at Node 2: 56.06009249111177 
2024-05-30 13:30:17,720 dumbo.py [line:394] run_bft INFO Node 2 Delivers ACS Block in Round 24 with having 3 TXs 
2024-05-30 13:30:17,720 dumbo.py [line:397] run_bft INFO ACS Block Delay at Node 2: 0.061112165451049805 
2024-05-30 13:30:17,720 dumbo.py [line:399] run_bft INFO Current Block's TPS at Node 2: 49.090062148149016 
2024-05-30 13:30:17,984 dumbo.py [line:394] run_bft INFO Node 2 Delivers ACS Block in Round 25 with having 3 TXs 
2024-05-30 13:30:17,984 dumbo.py [line:397] run_bft INFO ACS Block Delay at Node 2: 0.06261754035949707 
2024-05-30 13:30:17,985 dumbo.py [line:399] run_bft INFO Current Block's TPS at Node 2: 47.909898452997865 
2024-05-30 13:30:18,248 dumbo.py [line:394] run_bft INFO Node 2 Delivers ACS Block in Round 26 with having 3 TXs 
2024-05-30 13:30:18,248 dumbo.py [line:397] run_bft INFO ACS Block Delay at Node 2: 0.06339693069458008 
2024-05-30 13:30:18,249 dumbo.py [line:399] run_bft INFO Current Block's TPS at Node 2: 47.32090287545223 
2024-05-30 13:30:18,511 dumbo.py [line:394] run_bft INFO Node 2 Delivers ACS Block in Round 27 with having 3 TXs 
2024-05-30 13:30:18,511 dumbo.py [line:397] run_bft INFO ACS Block Delay at Node 2: 0.06204700469970703 
2024-05-30 13:30:18,511 dumbo.py [line:399] run_bft INFO Current Block's TPS at Node 2: 48.350440355973625 
2024-05-30 13:30:18,767 dumbo.py [line:394] run_bft INFO Node 2 Delivers ACS Block in Round 28 with having 3 TXs 
2024-05-30 13:30:18,767 dumbo.py [line:397] run_bft INFO ACS Block Delay at Node 2: 0.055684804916381836 
2024-05-30 13:30:18,767 dumbo.py [line:399] run_bft INFO Current Block's TPS at Node 2: 53.87466122050531 
2024-05-30 13:30:19,026 dumbo.py [line:394] run_bft INFO Node 2 Delivers ACS Block in Round 29 with having 3 TXs 
2024-05-30 13:30:19,026 dumbo.py [line:397] run_bft INFO ACS Block Delay at Node 2: 0.056879281997680664 
2024-05-30 13:30:19,026 dumbo.py [line:399] run_bft INFO Current Block's TPS at Node 2: 52.74328181783886 
2024-05-30 13:30:19,280 dumbo.py [line:394] run_bft INFO Node 2 Delivers ACS Block in Round 30 with having 3 TXs 
2024-05-30 13:30:19,280 dumbo.py [line:397] run_bft INFO ACS Block Delay at Node 2: 0.053170204162597656 
2024-05-30 13:30:19,280 dumbo.py [line:399] run_bft INFO Current Block's TPS at Node 2: 56.42257815722921 
2024-05-30 13:30:19,601 dumbo.py [line:394] run_bft INFO Node 2 Delivers ACS Block in Round 31 with having 3 TXs 
2024-05-30 13:30:19,602 dumbo.py [line:397] run_bft INFO ACS Block Delay at Node 2: 0.11990523338317871 
2024-05-30 13:30:19,602 dumbo.py [line:399] run_bft INFO Current Block's TPS at Node 2: 25.0197586490071 
2024-05-30 13:30:19,965 dumbo.py [line:394] run_bft INFO Node 2 Delivers ACS Block in Round 32 with having 3 TXs 
2024-05-30 13:30:19,965 dumbo.py [line:397] run_bft INFO ACS Block Delay at Node 2: 0.06175065040588379 
2024-05-30 13:30:19,965 dumbo.py [line:399] run_bft INFO Current Block's TPS at Node 2: 48.582484237512595 
2024-05-30 13:30:20,438 dumbo.py [line:394] run_bft INFO Node 2 Delivers ACS Block in Round 33 with having 3 TXs 
2024-05-30 13:30:20,438 dumbo.py [line:397] run_bft INFO ACS Block Delay at Node 2: 0.2720053195953369 
2024-05-30 13:30:20,438 dumbo.py [line:399] run_bft INFO Current Block's TPS at Node 2: 11.029196063014902 
2024-05-30 13:30:20,695 dumbo.py [line:394] run_bft INFO Node 2 Delivers ACS Block in Round 34 with having 3 TXs 
2024-05-30 13:30:20,695 dumbo.py [line:397] run_bft INFO ACS Block Delay at Node 2: 0.055974483489990234 
2024-05-30 13:30:20,695 dumbo.py [line:399] run_bft INFO Current Block's TPS at Node 2: 53.59584962559738 
2024-05-30 13:30:20,950 dumbo.py [line:394] run_bft INFO Node 2 Delivers ACS Block in Round 35 with having 3 TXs 
2024-05-30 13:30:20,950 dumbo.py [line:397] run_bft INFO ACS Block Delay at Node 2: 0.05290961265563965 
2024-05-30 13:30:20,950 dumbo.py [line:399] run_bft INFO Current Block's TPS at Node 2: 56.70047179376259 
2024-05-30 13:30:21,206 dumbo.py [line:394] run_bft INFO Node 2 Delivers ACS Block in Round 36 with having 3 TXs 
2024-05-30 13:30:21,207 dumbo.py [line:397] run_bft INFO ACS Block Delay at Node 2: 0.05616116523742676 
2024-05-30 13:30:21,207 dumbo.py [line:399] run_bft INFO Current Block's TPS at Node 2: 53.417695080171676 
2024-05-30 13:30:21,570 dumbo.py [line:394] run_bft INFO Node 2 Delivers ACS Block in Round 37 with having 3 TXs 
2024-05-30 13:30:21,570 dumbo.py [line:397] run_bft INFO ACS Block Delay at Node 2: 0.06207704544067383 
2024-05-30 13:30:21,570 dumbo.py [line:399] run_bft INFO Current Block's TPS at Node 2: 48.32704228597765 
2024-05-30 13:30:21,877 dumbo.py [line:394] run_bft INFO Node 2 Delivers ACS Block in Round 38 with having 3 TXs 
2024-05-30 13:30:21,877 dumbo.py [line:397] run_bft INFO ACS Block Delay at Node 2: 0.10578298568725586 
2024-05-30 13:30:21,877 dumbo.py [line:399] run_bft INFO Current Block's TPS at Node 2: 28.359948251691513 
2024-05-30 13:30:22,143 dumbo.py [line:394] run_bft INFO Node 2 Delivers ACS Block in Round 39 with having 3 TXs 
2024-05-30 13:30:22,143 dumbo.py [line:397] run_bft INFO ACS Block Delay at Node 2: 0.06455445289611816 
2024-05-30 13:30:22,143 dumbo.py [line:399] run_bft INFO Current Block's TPS at Node 2: 46.47239447335473 
2024-05-30 13:30:22,493 dumbo.py [line:394] run_bft INFO Node 2 Delivers ACS Block in Round 40 with having 3 TXs 
2024-05-30 13:30:22,493 dumbo.py [line:397] run_bft INFO ACS Block Delay at Node 2: 0.14865636825561523 
2024-05-30 13:30:22,493 dumbo.py [line:399] run_bft INFO Current Block's TPS at Node 2: 20.180770156052027 
2024-05-30 13:30:22,854 dumbo.py [line:394] run_bft INFO Node 2 Delivers ACS Block in Round 41 with having 3 TXs 
2024-05-30 13:30:22,854 dumbo.py [line:397] run_bft INFO ACS Block Delay at Node 2: 0.0601198673248291 
2024-05-30 13:30:22,854 dumbo.py [line:399] run_bft INFO Current Block's TPS at Node 2: 49.90030972275649 
2024-05-30 13:30:23,107 dumbo.py [line:394] run_bft INFO Node 2 Delivers ACS Block in Round 42 with having 3 TXs 
2024-05-30 13:30:23,107 dumbo.py [line:397] run_bft INFO ACS Block Delay at Node 2: 0.05242419242858887 
2024-05-30 13:30:23,107 dumbo.py [line:399] run_bft INFO Current Block's TPS at Node 2: 57.225488100489805 
2024-05-30 13:30:23,474 dumbo.py [line:394] run_bft INFO Node 2 Delivers ACS Block in Round 43 with having 3 TXs 
2024-05-30 13:30:23,475 dumbo.py [line:397] run_bft INFO ACS Block Delay at Node 2: 0.0652012825012207 
2024-05-30 13:30:23,475 dumbo.py [line:399] run_bft INFO Current Block's TPS at Node 2: 46.01136488295048 
2024-05-30 13:30:23,741 dumbo.py [line:394] run_bft INFO Node 2 Delivers ACS Block in Round 44 with having 3 TXs 
2024-05-30 13:30:23,741 dumbo.py [line:397] run_bft INFO ACS Block Delay at Node 2: 0.06587862968444824 
2024-05-30 13:30:23,741 dumbo.py [line:399] run_bft INFO Current Block's TPS at Node 2: 45.5382878236795 
2024-05-30 13:30:24,061 dumbo.py [line:394] run_bft INFO Node 2 Delivers ACS Block in Round 45 with having 3 TXs 
2024-05-30 13:30:24,061 dumbo.py [line:397] run_bft INFO ACS Block Delay at Node 2: 0.11871981620788574 
2024-05-30 13:30:24,061 dumbo.py [line:399] run_bft INFO Current Block's TPS at Node 2: 25.269580899172 
2024-05-30 13:30:24,421 dumbo.py [line:394] run_bft INFO Node 2 Delivers ACS Block in Round 46 with having 3 TXs 
2024-05-30 13:30:24,421 dumbo.py [line:397] run_bft INFO ACS Block Delay at Node 2: 0.058580875396728516 
2024-05-30 13:30:24,421 dumbo.py [line:399] run_bft INFO Current Block's TPS at Node 2: 51.211252472467095 
2024-05-30 13:30:24,681 dumbo.py [line:394] run_bft INFO Node 2 Delivers ACS Block in Round 47 with having 3 TXs 
2024-05-30 13:30:24,681 dumbo.py [line:397] run_bft INFO ACS Block Delay at Node 2: 0.05864739418029785 
2024-05-30 13:30:24,681 dumbo.py [line:399] run_bft INFO Current Block's TPS at Node 2: 51.15316787609 
2024-05-30 13:30:24,942 dumbo.py [line:394] run_bft INFO Node 2 Delivers ACS Block in Round 48 with having 3 TXs 
2024-05-30 13:30:24,942 dumbo.py [line:397] run_bft INFO ACS Block Delay at Node 2: 0.06037020683288574 
2024-05-30 13:30:24,942 dumbo.py [line:399] run_bft INFO Current Block's TPS at Node 2: 49.69338614831109 
2024-05-30 13:30:25,254 dumbo.py [line:394] run_bft INFO Node 2 Delivers ACS Block in Round 49 with having 3 TXs 
2024-05-30 13:30:25,254 dumbo.py [line:397] run_bft INFO ACS Block Delay at Node 2: 0.11059451103210449 
2024-05-30 13:30:25,254 dumbo.py [line:399] run_bft INFO Current Block's TPS at Node 2: 27.12612020255806 
2024-05-30 13:30:25,515 dumbo.py [line:394] run_bft INFO Node 2 Delivers ACS Block in Round 50 with having 3 TXs 
2024-05-30 13:30:25,515 dumbo.py [line:397] run_bft INFO ACS Block Delay at Node 2: 0.06006145477294922 
2024-05-30 13:30:25,515 dumbo.py [line:399] run_bft INFO Current Block's TPS at Node 2: 49.94884008955366 
2024-05-30 13:30:25,866 dumbo.py [line:394] run_bft INFO Node 2 Delivers ACS Block in Round 51 with having 3 TXs 
2024-05-30 13:30:25,866 dumbo.py [line:397] run_bft INFO ACS Block Delay at Node 2: 0.15016937255859375 
2024-05-30 13:30:25,866 dumbo.py [line:399] run_bft INFO Current Block's TPS at Node 2: 19.97744246303917 
2024-05-30 13:30:26,228 dumbo.py [line:394] run_bft INFO Node 2 Delivers ACS Block in Round 52 with having 3 TXs 
2024-05-30 13:30:26,228 dumbo.py [line:397] run_bft INFO ACS Block Delay at Node 2: 0.05968976020812988 
2024-05-30 13:30:26,228 dumbo.py [line:399] run_bft INFO Current Block's TPS at Node 2: 50.25987689579281 
2024-05-30 13:30:26,577 dumbo.py [line:394] run_bft INFO Node 2 Delivers ACS Block in Round 53 with having 3 TXs 
2024-05-30 13:30:26,577 dumbo.py [line:397] run_bft INFO ACS Block Delay at Node 2: 0.14826726913452148 
2024-05-30 13:30:26,577 dumbo.py [line:399] run_bft INFO Current Block's TPS at Node 2: 20.233730731751244 
2024-05-30 13:30:26,940 dumbo.py [line:394] run_bft INFO Node 2 Delivers ACS Block in Round 54 with having 3 TXs 
2024-05-30 13:30:26,940 dumbo.py [line:397] run_bft INFO ACS Block Delay at Node 2: 0.06157684326171875 
2024-05-30 13:30:26,940 dumbo.py [line:399] run_bft INFO Current Block's TPS at Node 2: 48.71961343080164 
2024-05-30 13:30:27,204 dumbo.py [line:394] run_bft INFO Node 2 Delivers ACS Block in Round 55 with having 3 TXs 
2024-05-30 13:30:27,204 dumbo.py [line:397] run_bft INFO ACS Block Delay at Node 2: 0.062215566635131836 
2024-05-30 13:30:27,204 dumbo.py [line:399] run_bft INFO Current Block's TPS at Node 2: 48.219443497055 
2024-05-30 13:30:27,457 dumbo.py [line:394] run_bft INFO Node 2 Delivers ACS Block in Round 56 with having 3 TXs 
2024-05-30 13:30:27,457 dumbo.py [line:397] run_bft INFO ACS Block Delay at Node 2: 0.052759647369384766 
2024-05-30 13:30:27,457 dumbo.py [line:399] run_bft INFO Current Block's TPS at Node 2: 56.86163857381716 
2024-05-30 13:30:27,713 dumbo.py [line:394] run_bft INFO Node 2 Delivers ACS Block in Round 57 with having 3 TXs 
2024-05-30 13:30:27,713 dumbo.py [line:397] run_bft INFO ACS Block Delay at Node 2: 0.05502033233642578 
2024-05-30 13:30:27,713 dumbo.py [line:399] run_bft INFO Current Block's TPS at Node 2: 54.52529769642764 
2024-05-30 13:30:28,033 dumbo.py [line:394] run_bft INFO Node 2 Delivers ACS Block in Round 58 with having 3 TXs 
2024-05-30 13:30:28,033 dumbo.py [line:397] run_bft INFO ACS Block Delay at Node 2: 0.11823368072509766 
2024-05-30 13:30:28,033 dumbo.py [line:399] run_bft INFO Current Block's TPS at Node 2: 25.3734805649435 
2024-05-30 13:30:28,419 dumbo.py [line:394] run_bft INFO Node 2 Delivers ACS Block in Round 59 with having 3 TXs 
2024-05-30 13:30:28,419 dumbo.py [line:397] run_bft INFO ACS Block Delay at Node 2: 0.08443188667297363 
2024-05-30 13:30:28,419 dumbo.py [line:399] run_bft INFO Current Block's TPS at Node 2: 35.53159970971358 
2024-05-30 13:32:10,071 dumbo_node.py [line:65] run INFO node 2's starts to run consensus on process id 12249 
2024-05-30 13:32:10,072 dumbo.py [line:326] run_bft INFO Node 2 starts to run at time:1717047130.072891 
2024-05-30 13:32:30,046 dumbo.py [line:394] run_bft INFO Node 2 Delivers ACS Block in Round 60 with having 7092 TXs 
2024-05-30 13:32:30,046 dumbo.py [line:397] run_bft INFO ACS Block Delay at Node 2: 0.07521271705627441 
2024-05-30 13:32:30,046 dumbo.py [line:399] run_bft INFO Current Block's TPS at Node 2: 94292.56484237553 
2024-05-30 13:32:30,539 dumbo.py [line:394] run_bft INFO Node 2 Delivers ACS Block in Round 61 with having 3 TXs 
2024-05-30 13:32:30,539 dumbo.py [line:397] run_bft INFO ACS Block Delay at Node 2: 0.2902491092681885 
2024-05-30 13:32:30,539 dumbo.py [line:399] run_bft INFO Current Block's TPS at Node 2: 10.33594903207099 
2024-05-30 13:35:16,199 dumbo_node.py [line:65] run INFO node 2's starts to run consensus on process id 12332 
2024-05-30 13:35:16,199 dumbo.py [line:326] run_bft INFO Node 2 starts to run at time:1717047316.1999645 
2024-05-30 13:35:37,875 dumbo_node.py [line:65] run INFO node 2's starts to run consensus on process id 12405 
2024-05-30 13:35:37,876 dumbo.py [line:326] run_bft INFO Node 2 starts to run at time:1717047337.8766766 
2024-05-30 13:35:48,000 dumbo.py [line:394] run_bft INFO Node 2 Delivers ACS Block in Round 0 with having 7132 TXs 
2024-05-30 13:35:48,000 dumbo.py [line:397] run_bft INFO ACS Block Delay at Node 2: 0.16698074340820312 
2024-05-30 13:35:48,000 dumbo.py [line:399] run_bft INFO Current Block's TPS at Node 2: 42711.51184520138 
2024-05-30 13:35:48,523 dumbo.py [line:394] run_bft INFO Node 2 Delivers ACS Block in Round 1 with having 3 TXs 
2024-05-30 13:35:48,523 dumbo.py [line:397] run_bft INFO ACS Block Delay at Node 2: 0.32191920280456543 
2024-05-30 13:35:48,523 dumbo.py [line:399] run_bft INFO Current Block's TPS at Node 2: 9.319108564708008 
2024-05-30 13:35:48,796 dumbo.py [line:394] run_bft INFO Node 2 Delivers ACS Block in Round 2 with having 3 TXs 
2024-05-30 13:35:48,796 dumbo.py [line:397] run_bft INFO ACS Block Delay at Node 2: 0.0716698169708252 
2024-05-30 13:35:48,796 dumbo.py [line:399] run_bft INFO Current Block's TPS at Node 2: 41.85862510603616 
2024-05-30 13:35:49,226 dumbo.py [line:394] run_bft INFO Node 2 Delivers ACS Block in Round 3 with having 3 TXs 
2024-05-30 13:35:49,226 dumbo.py [line:397] run_bft INFO ACS Block Delay at Node 2: 0.12851285934448242 
2024-05-30 13:35:49,226 dumbo.py [line:399] run_bft INFO Current Block's TPS at Node 2: 23.343967407638278 
2024-05-30 13:35:49,614 dumbo.py [line:394] run_bft INFO Node 2 Delivers ACS Block in Round 4 with having 3 TXs 
2024-05-30 13:35:49,614 dumbo.py [line:397] run_bft INFO ACS Block Delay at Node 2: 0.1865983009338379 
2024-05-30 13:35:49,614 dumbo.py [line:399] run_bft INFO Current Block's TPS at Node 2: 16.077316808279562 
2024-05-30 13:35:49,883 dumbo.py [line:394] run_bft INFO Node 2 Delivers ACS Block in Round 5 with having 3 TXs 
2024-05-30 13:35:49,883 dumbo.py [line:397] run_bft INFO ACS Block Delay at Node 2: 0.06664490699768066 
2024-05-30 13:35:49,883 dumbo.py [line:399] run_bft INFO Current Block's TPS at Node 2: 45.01469257214815 
2024-05-30 13:35:50,156 dumbo.py [line:394] run_bft INFO Node 2 Delivers ACS Block in Round 6 with having 3 TXs 
2024-05-30 13:35:50,156 dumbo.py [line:397] run_bft INFO ACS Block Delay at Node 2: 0.07204747200012207 
2024-05-30 13:35:50,156 dumbo.py [line:399] run_bft INFO Current Block's TPS at Node 2: 41.639212545790876 
2024-05-30 13:35:50,523 dumbo.py [line:394] run_bft INFO Node 2 Delivers ACS Block in Round 7 with having 3 TXs 
2024-05-30 13:35:50,523 dumbo.py [line:397] run_bft INFO ACS Block Delay at Node 2: 0.06454300880432129 
2024-05-30 13:35:50,523 dumbo.py [line:399] run_bft INFO Current Block's TPS at Node 2: 46.48063447267032 
2024-05-30 13:35:50,799 dumbo.py [line:394] run_bft INFO Node 2 Delivers ACS Block in Round 8 with having 3 TXs 
2024-05-30 13:35:50,799 dumbo.py [line:397] run_bft INFO ACS Block Delay at Node 2: 0.0755312442779541 
2024-05-30 13:35:50,799 dumbo.py [line:399] run_bft INFO Current Block's TPS at Node 2: 39.718662504221896 
2024-05-30 13:35:51,083 dumbo.py [line:394] run_bft INFO Node 2 Delivers ACS Block in Round 9 with having 3 TXs 
2024-05-30 13:35:51,083 dumbo.py [line:397] run_bft INFO ACS Block Delay at Node 2: 0.08286380767822266 
2024-05-30 13:35:51,083 dumbo.py [line:399] run_bft INFO Current Block's TPS at Node 2: 36.203984393881846 
2024-05-30 13:35:51,412 dumbo.py [line:394] run_bft INFO Node 2 Delivers ACS Block in Round 10 with having 3 TXs 
2024-05-30 13:35:51,412 dumbo.py [line:397] run_bft INFO ACS Block Delay at Node 2: 0.12787938117980957 
2024-05-30 13:35:51,412 dumbo.py [line:399] run_bft INFO Current Block's TPS at Node 2: 23.459606797609837 
2024-05-30 13:35:51,684 dumbo.py [line:394] run_bft INFO Node 2 Delivers ACS Block in Round 11 with having 3 TXs 
2024-05-30 13:35:51,684 dumbo.py [line:397] run_bft INFO ACS Block Delay at Node 2: 0.07021307945251465 
2024-05-30 13:35:51,684 dumbo.py [line:399] run_bft INFO Current Block's TPS at Node 2: 42.72708195385321 
2024-05-30 13:35:51,998 dumbo.py [line:394] run_bft INFO Node 2 Delivers ACS Block in Round 12 with having 3 TXs 
2024-05-30 13:35:51,998 dumbo.py [line:397] run_bft INFO ACS Block Delay at Node 2: 0.11322903633117676 
2024-05-30 13:35:51,998 dumbo.py [line:399] run_bft INFO Current Block's TPS at Node 2: 26.494970700143394 
2024-05-30 13:35:52,263 dumbo.py [line:394] run_bft INFO Node 2 Delivers ACS Block in Round 13 with having 3 TXs 
2024-05-30 13:35:52,263 dumbo.py [line:397] run_bft INFO ACS Block Delay at Node 2: 0.06373476982116699 
2024-05-30 13:35:52,263 dumbo.py [line:399] run_bft INFO Current Block's TPS at Node 2: 47.07006879318278 
2024-05-30 13:35:52,691 dumbo.py [line:394] run_bft INFO Node 2 Delivers ACS Block in Round 14 with having 3 TXs 
2024-05-30 13:35:52,691 dumbo.py [line:397] run_bft INFO ACS Block Delay at Node 2: 0.22653579711914062 
2024-05-30 13:35:52,691 dumbo.py [line:399] run_bft INFO Current Block's TPS at Node 2: 13.242940136398081 
2024-05-30 13:35:52,970 dumbo.py [line:394] run_bft INFO Node 2 Delivers ACS Block in Round 15 with having 3 TXs 
2024-05-30 13:35:52,970 dumbo.py [line:397] run_bft INFO ACS Block Delay at Node 2: 0.07703590393066406 
2024-05-30 13:35:52,970 dumbo.py [line:399] run_bft INFO Current Block's TPS at Node 2: 38.942880487261384 
2024-05-30 13:35:53,338 dumbo.py [line:394] run_bft INFO Node 2 Delivers ACS Block in Round 16 with having 3 TXs 
2024-05-30 13:35:53,338 dumbo.py [line:397] run_bft INFO ACS Block Delay at Node 2: 0.06638789176940918 
2024-05-30 13:35:53,338 dumbo.py [line:399] run_bft INFO Current Block's TPS at Node 2: 45.188963228718876 
2024-05-30 13:35:53,604 dumbo.py [line:394] run_bft INFO Node 2 Delivers ACS Block in Round 17 with having 3 TXs 
2024-05-30 13:35:53,604 dumbo.py [line:397] run_bft INFO ACS Block Delay at Node 2: 0.06542444229125977 
2024-05-30 13:35:53,604 dumbo.py [line:399] run_bft INFO Current Block's TPS at Node 2: 45.854422214933855 
2024-05-30 13:35:53,976 dumbo.py [line:394] run_bft INFO Node 2 Delivers ACS Block in Round 18 with having 3 TXs 
2024-05-30 13:35:53,976 dumbo.py [line:397] run_bft INFO ACS Block Delay at Node 2: 0.17050814628601074 
2024-05-30 13:35:53,976 dumbo.py [line:399] run_bft INFO Current Block's TPS at Node 2: 17.594467275292487 
2024-05-30 13:35:54,245 dumbo.py [line:394] run_bft INFO Node 2 Delivers ACS Block in Round 19 with having 3 TXs 
2024-05-30 13:35:54,245 dumbo.py [line:397] run_bft INFO ACS Block Delay at Node 2: 0.06792712211608887 
2024-05-30 13:35:54,245 dumbo.py [line:399] run_bft INFO Current Block's TPS at Node 2: 44.16498015141783 
2024-05-30 13:35:54,571 dumbo.py [line:394] run_bft INFO Node 2 Delivers ACS Block in Round 20 with having 3 TXs 
2024-05-30 13:35:54,571 dumbo.py [line:397] run_bft INFO ACS Block Delay at Node 2: 0.12460660934448242 
2024-05-30 13:35:54,571 dumbo.py [line:399] run_bft INFO Current Block's TPS at Node 2: 24.075769461845486 
2024-05-30 13:35:54,851 dumbo.py [line:394] run_bft INFO Node 2 Delivers ACS Block in Round 21 with having 3 TXs 
2024-05-30 13:35:54,852 dumbo.py [line:397] run_bft INFO ACS Block Delay at Node 2: 0.07995033264160156 
2024-05-30 13:35:54,852 dumbo.py [line:399] run_bft INFO Current Block's TPS at Node 2: 37.523296037407256 
2024-05-30 13:35:55,118 dumbo.py [line:394] run_bft INFO Node 2 Delivers ACS Block in Round 22 with having 3 TXs 
2024-05-30 13:35:55,118 dumbo.py [line:397] run_bft INFO ACS Block Delay at Node 2: 0.06538963317871094 
2024-05-30 13:35:55,118 dumbo.py [line:399] run_bft INFO Current Block's TPS at Node 2: 45.878832074205874 
2024-05-30 13:35:55,389 dumbo.py [line:394] run_bft INFO Node 2 Delivers ACS Block in Round 23 with having 3 TXs 
2024-05-30 13:35:55,389 dumbo.py [line:397] run_bft INFO ACS Block Delay at Node 2: 0.06975340843200684 
2024-05-30 13:35:55,389 dumbo.py [line:399] run_bft INFO Current Block's TPS at Node 2: 43.008651009854155 
2024-05-30 13:35:55,655 dumbo.py [line:394] run_bft INFO Node 2 Delivers ACS Block in Round 24 with having 3 TXs 
2024-05-30 13:35:55,655 dumbo.py [line:397] run_bft INFO ACS Block Delay at Node 2: 0.06565237045288086 
2024-05-30 13:35:55,655 dumbo.py [line:399] run_bft INFO Current Block's TPS at Node 2: 45.69522744274892 
2024-05-30 13:35:56,093 dumbo.py [line:394] run_bft INFO Node 2 Delivers ACS Block in Round 25 with having 3 TXs 
2024-05-30 13:35:56,093 dumbo.py [line:397] run_bft INFO ACS Block Delay at Node 2: 0.23586392402648926 
2024-05-30 13:35:56,093 dumbo.py [line:399] run_bft INFO Current Block's TPS at Node 2: 12.719198208807372 
2024-05-30 13:35:56,419 dumbo.py [line:394] run_bft INFO Node 2 Delivers ACS Block in Round 26 with having 3 TXs 
2024-05-30 13:35:56,419 dumbo.py [line:397] run_bft INFO ACS Block Delay at Node 2: 0.12403059005737305 
2024-05-30 13:35:56,419 dumbo.py [line:399] run_bft INFO Current Block's TPS at Node 2: 24.187581455609337 
2024-05-30 13:35:56,780 dumbo.py [line:394] run_bft INFO Node 2 Delivers ACS Block in Round 27 with having 3 TXs 
2024-05-30 13:35:56,780 dumbo.py [line:397] run_bft INFO ACS Block Delay at Node 2: 0.15975117683410645 
2024-05-30 13:35:56,780 dumbo.py [line:399] run_bft INFO Current Block's TPS at Node 2: 18.779204381795253 
2024-05-30 13:35:57,052 dumbo.py [line:394] run_bft INFO Node 2 Delivers ACS Block in Round 28 with having 3 TXs 
2024-05-30 13:35:57,052 dumbo.py [line:397] run_bft INFO ACS Block Delay at Node 2: 0.07166218757629395 
2024-05-30 13:35:57,052 dumbo.py [line:399] run_bft INFO Current Block's TPS at Node 2: 41.86308151430767 
2024-05-30 13:35:57,418 dumbo.py [line:394] run_bft INFO Node 2 Delivers ACS Block in Round 29 with having 3 TXs 
2024-05-30 13:35:57,418 dumbo.py [line:397] run_bft INFO ACS Block Delay at Node 2: 0.06380534172058105 
2024-05-30 13:35:57,418 dumbo.py [line:399] run_bft INFO Current Block's TPS at Node 2: 47.01800694270586 
2024-05-30 13:35:57,691 dumbo.py [line:394] run_bft INFO Node 2 Delivers ACS Block in Round 30 with having 3 TXs 
2024-05-30 13:35:57,691 dumbo.py [line:397] run_bft INFO ACS Block Delay at Node 2: 0.07201170921325684 
2024-05-30 13:35:57,691 dumbo.py [line:399] run_bft INFO Current Block's TPS at Node 2: 41.65989160340221 
2024-05-30 13:35:57,965 dumbo.py [line:394] run_bft INFO Node 2 Delivers ACS Block in Round 31 with having 3 TXs 
2024-05-30 13:35:57,965 dumbo.py [line:397] run_bft INFO ACS Block Delay at Node 2: 0.0729372501373291 
2024-05-30 13:35:57,965 dumbo.py [line:399] run_bft INFO Current Block's TPS at Node 2: 41.131246302149904 
2024-05-30 13:35:58,298 dumbo.py [line:394] run_bft INFO Node 2 Delivers ACS Block in Round 32 with having 3 TXs 
2024-05-30 13:35:58,298 dumbo.py [line:397] run_bft INFO ACS Block Delay at Node 2: 0.13141465187072754 
2024-05-30 13:35:58,298 dumbo.py [line:399] run_bft INFO Current Block's TPS at Node 2: 22.828504716133914 
2024-05-30 13:35:58,579 dumbo.py [line:394] run_bft INFO Node 2 Delivers ACS Block in Round 33 with having 3 TXs 
2024-05-30 13:35:58,579 dumbo.py [line:397] run_bft INFO ACS Block Delay at Node 2: 0.07979846000671387 
2024-05-30 13:35:58,579 dumbo.py [line:399] run_bft INFO Current Block's TPS at Node 2: 37.5947104711995 
2024-05-30 13:35:58,853 dumbo.py [line:394] run_bft INFO Node 2 Delivers ACS Block in Round 34 with having 3 TXs 
2024-05-30 13:35:58,853 dumbo.py [line:397] run_bft INFO ACS Block Delay at Node 2: 0.07238173484802246 
2024-05-30 13:35:58,853 dumbo.py [line:399] run_bft INFO Current Block's TPS at Node 2: 41.44692036325188 
2024-05-30 13:35:59,174 dumbo.py [line:394] run_bft INFO Node 2 Delivers ACS Block in Round 35 with having 3 TXs 
2024-05-30 13:35:59,174 dumbo.py [line:397] run_bft INFO ACS Block Delay at Node 2: 0.12067985534667969 
2024-05-30 13:35:59,174 dumbo.py [line:399] run_bft INFO Current Block's TPS at Node 2: 24.859161385152756 
2024-05-30 13:35:59,498 dumbo.py [line:394] run_bft INFO Node 2 Delivers ACS Block in Round 36 with having 3 TXs 
2024-05-30 13:35:59,498 dumbo.py [line:397] run_bft INFO ACS Block Delay at Node 2: 0.12338495254516602 
2024-05-30 13:35:59,498 dumbo.py [line:399] run_bft INFO Current Block's TPS at Node 2: 24.314148023048652 
2024-05-30 13:35:59,825 dumbo.py [line:394] run_bft INFO Node 2 Delivers ACS Block in Round 37 with having 3 TXs 
2024-05-30 13:35:59,825 dumbo.py [line:397] run_bft INFO ACS Block Delay at Node 2: 0.12468504905700684 
2024-05-30 13:35:59,825 dumbo.py [line:399] run_bft INFO Current Block's TPS at Node 2: 24.06062332804938 
2024-05-30 13:36:00,095 dumbo.py [line:394] run_bft INFO Node 2 Delivers ACS Block in Round 38 with having 3 TXs 
2024-05-30 13:36:00,095 dumbo.py [line:397] run_bft INFO ACS Block Delay at Node 2: 0.07017087936401367 
2024-05-30 13:36:00,095 dumbo.py [line:399] run_bft INFO Current Block's TPS at Node 2: 42.752777607893506 
2024-05-30 13:36:00,470 dumbo.py [line:394] run_bft INFO Node 2 Delivers ACS Block in Round 39 with having 3 TXs 
2024-05-30 13:36:00,470 dumbo.py [line:397] run_bft INFO ACS Block Delay at Node 2: 0.07276272773742676 
2024-05-30 13:36:00,470 dumbo.py [line:399] run_bft INFO Current Block's TPS at Node 2: 41.22990016022858 
2024-05-30 13:36:00,744 dumbo.py [line:394] run_bft INFO Node 2 Delivers ACS Block in Round 40 with having 3 TXs 
2024-05-30 13:36:00,744 dumbo.py [line:397] run_bft INFO ACS Block Delay at Node 2: 0.07250404357910156 
2024-05-30 13:36:00,744 dumbo.py [line:399] run_bft INFO Current Block's TPS at Node 2: 41.37700260437219 
2024-05-30 13:36:01,007 dumbo.py [line:394] run_bft INFO Node 2 Delivers ACS Block in Round 41 with having 3 TXs 
2024-05-30 13:36:01,007 dumbo.py [line:397] run_bft INFO ACS Block Delay at Node 2: 0.06218123435974121 
2024-05-30 13:36:01,007 dumbo.py [line:399] run_bft INFO Current Block's TPS at Node 2: 48.24606701507245 
2024-05-30 13:36:01,355 dumbo.py [line:394] run_bft INFO Node 2 Delivers ACS Block in Round 42 with having 3 TXs 
2024-05-30 13:36:01,355 dumbo.py [line:397] run_bft INFO ACS Block Delay at Node 2: 0.14706730842590332 
2024-05-30 13:36:01,355 dumbo.py [line:399] run_bft INFO Current Block's TPS at Node 2: 20.398823043065924 
2024-05-30 13:36:01,625 dumbo.py [line:394] run_bft INFO Node 2 Delivers ACS Block in Round 43 with having 3 TXs 
2024-05-30 13:36:01,625 dumbo.py [line:397] run_bft INFO ACS Block Delay at Node 2: 0.06872081756591797 
2024-05-30 13:36:01,625 dumbo.py [line:399] run_bft INFO Current Block's TPS at Node 2: 43.65489390638227 
2024-05-30 13:36:01,982 dumbo.py [line:394] run_bft INFO Node 2 Delivers ACS Block in Round 44 with having 3 TXs 
2024-05-30 13:36:01,982 dumbo.py [line:397] run_bft INFO ACS Block Delay at Node 2: 0.1559305191040039 
2024-05-30 13:36:01,982 dumbo.py [line:399] run_bft INFO Current Block's TPS at Node 2: 19.239338246536803 
2024-05-30 13:36:02,253 dumbo.py [line:394] run_bft INFO Node 2 Delivers ACS Block in Round 45 with having 3 TXs 
2024-05-30 13:36:02,253 dumbo.py [line:397] run_bft INFO ACS Block Delay at Node 2: 0.0697023868560791 
2024-05-30 13:36:02,253 dumbo.py [line:399] run_bft INFO Current Block's TPS at Node 2: 43.04013298991288 
2024-05-30 13:36:02,577 dumbo.py [line:394] run_bft INFO Node 2 Delivers ACS Block in Round 46 with having 3 TXs 
2024-05-30 13:36:02,577 dumbo.py [line:397] run_bft INFO ACS Block Delay at Node 2: 0.1235346794128418 
2024-05-30 13:36:02,577 dumbo.py [line:399] run_bft INFO Current Block's TPS at Node 2: 24.284678717417233 
2024-05-30 13:36:02,855 dumbo.py [line:394] run_bft INFO Node 2 Delivers ACS Block in Round 47 with having 3 TXs 
2024-05-30 13:36:02,855 dumbo.py [line:397] run_bft INFO ACS Block Delay at Node 2: 0.0750434398651123 
2024-05-30 13:36:02,855 dumbo.py [line:399] run_bft INFO Current Block's TPS at Node 2: 39.97684548299471 
2024-05-30 13:36:03,123 dumbo.py [line:394] run_bft INFO Node 2 Delivers ACS Block in Round 48 with having 3 TXs 
2024-05-30 13:36:03,123 dumbo.py [line:397] run_bft INFO ACS Block Delay at Node 2: 0.06591629981994629 
2024-05-30 13:36:03,123 dumbo.py [line:399] run_bft INFO Current Block's TPS at Node 2: 45.512263403659674 
2024-05-30 13:36:03,387 dumbo.py [line:394] run_bft INFO Node 2 Delivers ACS Block in Round 49 with having 3 TXs 
2024-05-30 13:36:03,387 dumbo.py [line:397] run_bft INFO ACS Block Delay at Node 2: 0.0639798641204834 
2024-05-30 13:36:03,387 dumbo.py [line:399] run_bft INFO Current Block's TPS at Node 2: 46.88975260013937 
2024-05-30 13:36:03,658 dumbo.py [line:394] run_bft INFO Node 2 Delivers ACS Block in Round 50 with having 3 TXs 
2024-05-30 13:36:03,658 dumbo.py [line:397] run_bft INFO ACS Block Delay at Node 2: 0.07015395164489746 
2024-05-30 13:36:03,658 dumbo.py [line:399] run_bft INFO Current Block's TPS at Node 2: 42.76309359143848 
2024-05-30 13:36:03,924 dumbo.py [line:394] run_bft INFO Node 2 Delivers ACS Block in Round 51 with having 3 TXs 
2024-05-30 13:36:03,924 dumbo.py [line:397] run_bft INFO ACS Block Delay at Node 2: 0.06580877304077148 
2024-05-30 13:36:03,924 dumbo.py [line:399] run_bft INFO Current Block's TPS at Node 2: 45.5866271529081 
2024-05-30 13:36:04,196 dumbo.py [line:394] run_bft INFO Node 2 Delivers ACS Block in Round 52 with having 3 TXs 
2024-05-30 13:36:04,196 dumbo.py [line:397] run_bft INFO ACS Block Delay at Node 2: 0.07036495208740234 
2024-05-30 13:36:04,196 dumbo.py [line:399] run_bft INFO Current Block's TPS at Node 2: 42.634861689006954 
2024-05-30 13:36:04,469 dumbo.py [line:394] run_bft INFO Node 2 Delivers ACS Block in Round 53 with having 3 TXs 
2024-05-30 13:36:04,469 dumbo.py [line:397] run_bft INFO ACS Block Delay at Node 2: 0.0717918872833252 
2024-05-30 13:36:04,469 dumbo.py [line:399] run_bft INFO Current Block's TPS at Node 2: 41.787451389327074 
2024-05-30 13:36:04,738 dumbo.py [line:394] run_bft INFO Node 2 Delivers ACS Block in Round 54 with having 3 TXs 
2024-05-30 13:36:04,738 dumbo.py [line:397] run_bft INFO ACS Block Delay at Node 2: 0.06852054595947266 
2024-05-30 13:36:04,738 dumbo.py [line:399] run_bft INFO Current Block's TPS at Node 2: 43.78248827401912 
2024-05-30 13:36:05,005 dumbo.py [line:394] run_bft INFO Node 2 Delivers ACS Block in Round 55 with having 3 TXs 
2024-05-30 13:36:05,005 dumbo.py [line:397] run_bft INFO ACS Block Delay at Node 2: 0.06548476219177246 
2024-05-30 13:36:05,005 dumbo.py [line:399] run_bft INFO Current Block's TPS at Node 2: 45.812184385956606 
2024-05-30 13:36:05,278 dumbo.py [line:394] run_bft INFO Node 2 Delivers ACS Block in Round 56 with having 3 TXs 
2024-05-30 13:36:05,278 dumbo.py [line:397] run_bft INFO ACS Block Delay at Node 2: 0.07210183143615723 
2024-05-30 13:36:05,278 dumbo.py [line:399] run_bft INFO Current Block's TPS at Node 2: 41.60781966622247 
2024-05-30 13:36:05,616 dumbo.py [line:394] run_bft INFO Node 2 Delivers ACS Block in Round 57 with having 3 TXs 
2024-05-30 13:36:05,616 dumbo.py [line:397] run_bft INFO ACS Block Delay at Node 2: 0.13664674758911133 
2024-05-30 13:36:05,616 dumbo.py [line:399] run_bft INFO Current Block's TPS at Node 2: 21.95441935450101 
2024-05-30 13:36:05,890 dumbo.py [line:394] run_bft INFO Node 2 Delivers ACS Block in Round 58 with having 3 TXs 
2024-05-30 13:36:05,890 dumbo.py [line:397] run_bft INFO ACS Block Delay at Node 2: 0.07332944869995117 
2024-05-30 13:36:05,890 dumbo.py [line:399] run_bft INFO Current Block's TPS at Node 2: 40.911258071438326 
2024-05-30 13:36:06,156 dumbo.py [line:394] run_bft INFO Node 2 Delivers ACS Block in Round 59 with having 3 TXs 
2024-05-30 13:36:06,156 dumbo.py [line:397] run_bft INFO ACS Block Delay at Node 2: 0.06405758857727051 
2024-05-30 13:36:06,156 dumbo.py [line:399] run_bft INFO Current Block's TPS at Node 2: 46.832858785828336 
2024-05-30 13:36:06,431 dumbo.py [line:394] run_bft INFO Node 2 Delivers ACS Block in Round 60 with having 3 TXs 
2024-05-30 13:36:06,431 dumbo.py [line:397] run_bft INFO ACS Block Delay at Node 2: 0.07494592666625977 
2024-05-30 13:36:06,431 dumbo.py [line:399] run_bft INFO Current Block's TPS at Node 2: 40.028859918688326 
2024-05-30 13:36:06,701 dumbo.py [line:394] run_bft INFO Node 2 Delivers ACS Block in Round 61 with having 3 TXs 
2024-05-30 13:36:06,701 dumbo.py [line:397] run_bft INFO ACS Block Delay at Node 2: 0.06806612014770508 
2024-05-30 13:36:06,701 dumbo.py [line:399] run_bft INFO Current Block's TPS at Node 2: 44.07479071070791 
2024-05-30 13:36:07,030 dumbo.py [line:394] run_bft INFO Node 2 Delivers ACS Block in Round 62 with having 3 TXs 
2024-05-30 13:36:07,030 dumbo.py [line:397] run_bft INFO ACS Block Delay at Node 2: 0.12828993797302246 
2024-05-30 13:36:07,030 dumbo.py [line:399] run_bft INFO Current Block's TPS at Node 2: 23.384530754320398 
2024-05-30 13:36:07,357 dumbo.py [line:394] run_bft INFO Node 2 Delivers ACS Block in Round 63 with having 3 TXs 
2024-05-30 13:36:07,357 dumbo.py [line:397] run_bft INFO ACS Block Delay at Node 2: 0.1253652572631836 
2024-05-30 13:36:07,357 dumbo.py [line:399] run_bft INFO Current Block's TPS at Node 2: 23.93007493058461 
2024-05-30 13:36:07,627 dumbo.py [line:394] run_bft INFO Node 2 Delivers ACS Block in Round 64 with having 3 TXs 
2024-05-30 13:36:07,627 dumbo.py [line:397] run_bft INFO ACS Block Delay at Node 2: 0.06954455375671387 
2024-05-30 13:36:07,627 dumbo.py [line:399] run_bft INFO Current Block's TPS at Node 2: 43.137813645261595 
2024-05-30 13:36:07,999 dumbo.py [line:394] run_bft INFO Node 2 Delivers ACS Block in Round 65 with having 3 TXs 
2024-05-30 13:36:07,999 dumbo.py [line:397] run_bft INFO ACS Block Delay at Node 2: 0.06995892524719238 
2024-05-30 13:36:07,999 dumbo.py [line:399] run_bft INFO Current Block's TPS at Node 2: 42.882305429933645 
2024-05-30 13:36:08,272 dumbo.py [line:394] run_bft INFO Node 2 Delivers ACS Block in Round 66 with having 3 TXs 
2024-05-30 13:36:08,272 dumbo.py [line:397] run_bft INFO ACS Block Delay at Node 2: 0.0717012882232666 
2024-05-30 13:36:08,272 dumbo.py [line:399] run_bft INFO Current Block's TPS at Node 2: 41.84025244648979 
2024-05-30 13:36:08,541 dumbo.py [line:394] run_bft INFO Node 2 Delivers ACS Block in Round 67 with having 3 TXs 
2024-05-30 13:36:08,541 dumbo.py [line:397] run_bft INFO ACS Block Delay at Node 2: 0.06802654266357422 
2024-05-30 13:36:08,541 dumbo.py [line:399] run_bft INFO Current Block's TPS at Node 2: 44.10043319173992 
2024-05-30 13:36:08,899 dumbo.py [line:394] run_bft INFO Node 2 Delivers ACS Block in Round 68 with having 3 TXs 
2024-05-30 13:36:08,899 dumbo.py [line:397] run_bft INFO ACS Block Delay at Node 2: 0.15630602836608887 
2024-05-30 13:36:08,899 dumbo.py [line:399] run_bft INFO Current Block's TPS at Node 2: 19.19311770223995 
2024-05-30 13:36:09,164 dumbo.py [line:394] run_bft INFO Node 2 Delivers ACS Block in Round 69 with having 3 TXs 
2024-05-30 13:36:09,164 dumbo.py [line:397] run_bft INFO ACS Block Delay at Node 2: 0.06388711929321289 
2024-05-30 13:36:09,164 dumbo.py [line:399] run_bft INFO Current Block's TPS at Node 2: 46.957822377799836 
2024-05-30 13:36:09,430 dumbo.py [line:394] run_bft INFO Node 2 Delivers ACS Block in Round 70 with having 3 TXs 
2024-05-30 13:36:09,430 dumbo.py [line:397] run_bft INFO ACS Block Delay at Node 2: 0.06385660171508789 
2024-05-30 13:36:09,430 dumbo.py [line:399] run_bft INFO Current Block's TPS at Node 2: 46.98026389480051 
2024-05-30 13:36:09,702 dumbo.py [line:394] run_bft INFO Node 2 Delivers ACS Block in Round 71 with having 3 TXs 
2024-05-30 13:36:09,702 dumbo.py [line:397] run_bft INFO ACS Block Delay at Node 2: 0.07076430320739746 
2024-05-30 13:36:09,702 dumbo.py [line:399] run_bft INFO Current Block's TPS at Node 2: 42.394256200157 
2024-05-30 13:36:09,976 dumbo.py [line:394] run_bft INFO Node 2 Delivers ACS Block in Round 72 with having 3 TXs 
2024-05-30 13:36:09,976 dumbo.py [line:397] run_bft INFO ACS Block Delay at Node 2: 0.07190060615539551 
2024-05-30 13:36:09,976 dumbo.py [line:399] run_bft INFO Current Block's TPS at Node 2: 41.724265766497666 
2024-05-30 13:36:10,249 dumbo.py [line:394] run_bft INFO Node 2 Delivers ACS Block in Round 73 with having 3 TXs 
2024-05-30 13:36:10,249 dumbo.py [line:397] run_bft INFO ACS Block Delay at Node 2: 0.07158899307250977 
2024-05-30 13:36:10,249 dumbo.py [line:399] run_bft INFO Current Block's TPS at Node 2: 41.90588345000766 
2024-05-30 13:36:10,565 dumbo.py [line:394] run_bft INFO Node 2 Delivers ACS Block in Round 74 with having 3 TXs 
2024-05-30 13:36:10,565 dumbo.py [line:397] run_bft INFO ACS Block Delay at Node 2: 0.11467504501342773 
2024-05-30 13:36:10,565 dumbo.py [line:399] run_bft INFO Current Block's TPS at Node 2: 26.160879201300673 
2024-05-30 13:36:10,835 dumbo.py [line:394] run_bft INFO Node 2 Delivers ACS Block in Round 75 with having 3 TXs 
2024-05-30 13:36:10,835 dumbo.py [line:397] run_bft INFO ACS Block Delay at Node 2: 0.06880688667297363 
2024-05-30 13:36:10,835 dumbo.py [line:399] run_bft INFO Current Block's TPS at Node 2: 43.600286905269286 
2024-05-30 13:36:11,203 dumbo.py [line:394] run_bft INFO Node 2 Delivers ACS Block in Round 76 with having 3 TXs 
2024-05-30 13:36:11,203 dumbo.py [line:397] run_bft INFO ACS Block Delay at Node 2: 0.06688976287841797 
2024-05-30 13:36:11,203 dumbo.py [line:399] run_bft INFO Current Block's TPS at Node 2: 44.84991231697059 
2024-05-30 13:36:11,472 dumbo.py [line:394] run_bft INFO Node 2 Delivers ACS Block in Round 77 with having 3 TXs 
2024-05-30 13:36:11,472 dumbo.py [line:397] run_bft INFO ACS Block Delay at Node 2: 0.06844520568847656 
2024-05-30 13:36:11,472 dumbo.py [line:399] run_bft INFO Current Block's TPS at Node 2: 43.8306813431796 
2024-05-30 13:36:11,824 dumbo.py [line:394] run_bft INFO Node 2 Delivers ACS Block in Round 78 with having 3 TXs 
2024-05-30 13:36:11,824 dumbo.py [line:397] run_bft INFO ACS Block Delay at Node 2: 0.1515333652496338 
2024-05-30 13:36:11,825 dumbo.py [line:399] run_bft INFO Current Block's TPS at Node 2: 19.797620115265342 
2024-05-30 13:36:12,093 dumbo.py [line:394] run_bft INFO Node 2 Delivers ACS Block in Round 79 with having 3 TXs 
2024-05-30 13:36:12,093 dumbo.py [line:397] run_bft INFO ACS Block Delay at Node 2: 0.06730246543884277 
2024-05-30 13:36:12,093 dumbo.py [line:399] run_bft INFO Current Block's TPS at Node 2: 44.574890094124065 
2024-05-30 13:36:12,362 dumbo.py [line:394] run_bft INFO Node 2 Delivers ACS Block in Round 80 with having 3 TXs 
2024-05-30 13:36:12,362 dumbo.py [line:397] run_bft INFO ACS Block Delay at Node 2: 0.06880950927734375 
2024-05-30 13:36:12,362 dumbo.py [line:399] run_bft INFO Current Block's TPS at Node 2: 43.598625124736664 
2024-05-30 13:36:12,637 dumbo.py [line:394] run_bft INFO Node 2 Delivers ACS Block in Round 81 with having 3 TXs 
2024-05-30 13:36:12,637 dumbo.py [line:397] run_bft INFO ACS Block Delay at Node 2: 0.07339978218078613 
2024-05-30 13:36:12,637 dumbo.py [line:399] run_bft INFO Current Block's TPS at Node 2: 40.87205589535537 
2024-05-30 13:36:12,956 dumbo.py [line:394] run_bft INFO Node 2 Delivers ACS Block in Round 82 with having 3 TXs 
2024-05-30 13:36:12,956 dumbo.py [line:397] run_bft INFO ACS Block Delay at Node 2: 0.11678242683410645 
2024-05-30 13:36:12,956 dumbo.py [line:399] run_bft INFO Current Block's TPS at Node 2: 25.688796519544894 
2024-05-30 13:36:13,310 dumbo.py [line:394] run_bft INFO Node 2 Delivers ACS Block in Round 83 with having 3 TXs 
2024-05-30 13:36:13,310 dumbo.py [line:397] run_bft INFO ACS Block Delay at Node 2: 0.15268540382385254 
2024-05-30 13:36:13,310 dumbo.py [line:399] run_bft INFO Current Block's TPS at Node 2: 19.648243544359932 
2024-05-30 13:36:13,663 dumbo.py [line:394] run_bft INFO Node 2 Delivers ACS Block in Round 84 with having 3 TXs 
2024-05-30 13:36:13,663 dumbo.py [line:397] run_bft INFO ACS Block Delay at Node 2: 0.1519641876220703 
2024-05-30 13:36:13,663 dumbo.py [line:399] run_bft INFO Current Block's TPS at Node 2: 19.74149335408482 
2024-05-30 13:36:13,931 dumbo.py [line:394] run_bft INFO Node 2 Delivers ACS Block in Round 85 with having 3 TXs 
2024-05-30 13:36:13,931 dumbo.py [line:397] run_bft INFO ACS Block Delay at Node 2: 0.0672309398651123 
2024-05-30 13:36:13,931 dumbo.py [line:399] run_bft INFO Current Block's TPS at Node 2: 44.62231237610244 
2024-05-30 13:36:14,206 dumbo.py [line:394] run_bft INFO Node 2 Delivers ACS Block in Round 86 with having 3 TXs 
2024-05-30 13:36:14,206 dumbo.py [line:397] run_bft INFO ACS Block Delay at Node 2: 0.07445764541625977 
2024-05-30 13:36:14,206 dumbo.py [line:399] run_bft INFO Current Block's TPS at Node 2: 40.29136273687311 
2024-05-30 13:36:14,474 dumbo.py [line:394] run_bft INFO Node 2 Delivers ACS Block in Round 87 with having 3 TXs 
2024-05-30 13:36:14,474 dumbo.py [line:397] run_bft INFO ACS Block Delay at Node 2: 0.06766486167907715 
2024-05-30 13:36:14,474 dumbo.py [line:399] run_bft INFO Current Block's TPS at Node 2: 44.33615802288175 
2024-05-30 13:36:14,746 dumbo.py [line:394] run_bft INFO Node 2 Delivers ACS Block in Round 88 with having 3 TXs 
2024-05-30 13:36:14,746 dumbo.py [line:397] run_bft INFO ACS Block Delay at Node 2: 0.07088494300842285 
2024-05-30 13:36:14,746 dumbo.py [line:399] run_bft INFO Current Block's TPS at Node 2: 42.32210498700023 
2024-05-30 13:36:15,016 dumbo.py [line:394] run_bft INFO Node 2 Delivers ACS Block in Round 89 with having 3 TXs 
2024-05-30 13:36:15,016 dumbo.py [line:397] run_bft INFO ACS Block Delay at Node 2: 0.06920123100280762 
2024-05-30 13:36:15,016 dumbo.py [line:399] run_bft INFO Current Block's TPS at Node 2: 43.35182996785541 
2024-05-30 13:36:15,286 dumbo.py [line:394] run_bft INFO Node 2 Delivers ACS Block in Round 90 with having 3 TXs 
2024-05-30 13:36:15,286 dumbo.py [line:397] run_bft INFO ACS Block Delay at Node 2: 0.06939816474914551 
2024-05-30 13:36:15,286 dumbo.py [line:399] run_bft INFO Current Block's TPS at Node 2: 43.22880887187926 
2024-05-30 13:36:15,551 dumbo.py [line:394] run_bft INFO Node 2 Delivers ACS Block in Round 91 with having 3 TXs 
2024-05-30 13:36:15,551 dumbo.py [line:397] run_bft INFO ACS Block Delay at Node 2: 0.0636146068572998 
2024-05-30 13:36:15,551 dumbo.py [line:399] run_bft INFO Current Block's TPS at Node 2: 47.158980432427974 
2024-05-30 13:36:15,822 dumbo.py [line:394] run_bft INFO Node 2 Delivers ACS Block in Round 92 with having 3 TXs 
2024-05-30 13:36:15,822 dumbo.py [line:397] run_bft INFO ACS Block Delay at Node 2: 0.06989645957946777 
2024-05-30 13:36:15,822 dumbo.py [line:399] run_bft INFO Current Block's TPS at Node 2: 42.92062885659027 
2024-05-30 13:36:16,093 dumbo.py [line:394] run_bft INFO Node 2 Delivers ACS Block in Round 93 with having 3 TXs 
2024-05-30 13:36:16,093 dumbo.py [line:397] run_bft INFO ACS Block Delay at Node 2: 0.06966042518615723 
2024-05-30 13:36:16,093 dumbo.py [line:399] run_bft INFO Current Block's TPS at Node 2: 43.066059272290424 
2024-05-30 13:36:16,367 dumbo.py [line:394] run_bft INFO Node 2 Delivers ACS Block in Round 94 with having 3 TXs 
2024-05-30 13:36:16,367 dumbo.py [line:397] run_bft INFO ACS Block Delay at Node 2: 0.07224035263061523 
2024-05-30 13:36:16,367 dumbo.py [line:399] run_bft INFO Current Block's TPS at Node 2: 41.52803648868969 
2024-05-30 13:36:16,631 dumbo.py [line:394] run_bft INFO Node 2 Delivers ACS Block in Round 95 with having 3 TXs 
2024-05-30 13:36:16,631 dumbo.py [line:397] run_bft INFO ACS Block Delay at Node 2: 0.06256341934204102 
2024-05-30 13:36:16,631 dumbo.py [line:399] run_bft INFO Current Block's TPS at Node 2: 47.951343317708925 
2024-05-30 13:36:16,950 dumbo.py [line:394] run_bft INFO Node 2 Delivers ACS Block in Round 96 with having 3 TXs 
2024-05-30 13:36:16,950 dumbo.py [line:397] run_bft INFO ACS Block Delay at Node 2: 0.11814498901367188 
2024-05-30 13:36:16,950 dumbo.py [line:399] run_bft INFO Current Block's TPS at Node 2: 25.392528494397986 
2024-05-30 13:36:17,299 dumbo.py [line:394] run_bft INFO Node 2 Delivers ACS Block in Round 97 with having 3 TXs 
2024-05-30 13:36:17,299 dumbo.py [line:397] run_bft INFO ACS Block Delay at Node 2: 0.14734220504760742 
2024-05-30 13:36:17,299 dumbo.py [line:399] run_bft INFO Current Block's TPS at Node 2: 20.360764921569327 
2024-05-30 13:36:17,578 dumbo.py [line:394] run_bft INFO Node 2 Delivers ACS Block in Round 98 with having 3 TXs 
2024-05-30 13:36:17,578 dumbo.py [line:397] run_bft INFO ACS Block Delay at Node 2: 0.07661247253417969 
2024-05-30 13:36:17,578 dumbo.py [line:399] run_bft INFO Current Block's TPS at Node 2: 39.158114870416014 
2024-05-30 13:36:17,900 dumbo.py [line:394] run_bft INFO Node 2 Delivers ACS Block in Round 99 with having 3 TXs 
2024-05-30 13:36:17,900 dumbo.py [line:397] run_bft INFO ACS Block Delay at Node 2: 0.11957001686096191 
2024-05-30 13:36:17,900 dumbo.py [line:399] run_bft INFO Current Block's TPS at Node 2: 25.08990195667909 
2024-05-30 13:36:18,245 dumbo.py [line:394] run_bft INFO Node 2 Delivers ACS Block in Round 100 with having 3 TXs 
2024-05-30 13:36:18,245 dumbo.py [line:397] run_bft INFO ACS Block Delay at Node 2: 0.14426255226135254 
2024-05-30 13:36:18,245 dumbo.py [line:399] run_bft INFO Current Block's TPS at Node 2: 20.795417473032536 
2024-05-30 13:36:18,655 dumbo.py [line:394] run_bft INFO Node 2 Delivers ACS Block in Round 101 with having 3 TXs 
2024-05-30 13:36:18,655 dumbo.py [line:397] run_bft INFO ACS Block Delay at Node 2: 0.20811009407043457 
2024-05-30 13:36:18,655 dumbo.py [line:399] run_bft INFO Current Block's TPS at Node 2: 14.415446849899814 
2024-05-30 13:36:29,991 dumbo_node.py [line:65] run INFO node 2's starts to run consensus on process id 12478 
2024-05-30 13:36:29,992 dumbo.py [line:326] run_bft INFO Node 2 starts to run at time:1717047389.9927034 
2024-05-30 13:36:36,399 dumbo.py [line:394] run_bft INFO Node 2 Delivers ACS Block in Round 0 with having 7019 TXs 
2024-05-30 13:36:36,399 dumbo.py [line:397] run_bft INFO ACS Block Delay at Node 2: 0.07414031028747559 
2024-05-30 13:36:36,399 dumbo.py [line:399] run_bft INFO Current Block's TPS at Node 2: 94671.84548842804 
2024-05-30 13:38:24,742 dumbo.py [line:394] run_bft INFO Node 2 Delivers ACS Block in Round 1 with having 119 TXs 
2024-05-30 13:38:24,742 dumbo.py [line:397] run_bft INFO ACS Block Delay at Node 2: 0.07326340675354004 
2024-05-30 13:38:24,742 dumbo.py [line:399] run_bft INFO Current Block's TPS at Node 2: 1624.2760918874415 
2024-05-30 13:38:40,941 dumbo.py [line:394] run_bft INFO Node 2 Delivers ACS Block in Round 2 with having 119 TXs 
2024-05-30 13:38:40,941 dumbo.py [line:397] run_bft INFO ACS Block Delay at Node 2: 0.20656657218933105 
2024-05-30 13:38:40,941 dumbo.py [line:399] run_bft INFO Current Block's TPS at Node 2: 576.0854660013873 
2024-05-30 13:38:41,209 dumbo.py [line:394] run_bft INFO Node 2 Delivers ACS Block in Round 3 with having 3 TXs 
2024-05-30 13:38:41,209 dumbo.py [line:397] run_bft INFO ACS Block Delay at Node 2: 0.06790828704833984 
2024-05-30 13:38:41,209 dumbo.py [line:399] run_bft INFO Current Block's TPS at Node 2: 44.17722976673642 
2024-05-30 13:38:41,484 dumbo.py [line:394] run_bft INFO Node 2 Delivers ACS Block in Round 4 with having 3 TXs 
2024-05-30 13:38:41,485 dumbo.py [line:397] run_bft INFO ACS Block Delay at Node 2: 0.07404017448425293 
2024-05-30 13:38:41,485 dumbo.py [line:399] run_bft INFO Current Block's TPS at Node 2: 40.51854308687574 
2024-05-30 13:38:41,752 dumbo.py [line:394] run_bft INFO Node 2 Delivers ACS Block in Round 5 with having 3 TXs 
2024-05-30 13:38:41,752 dumbo.py [line:397] run_bft INFO ACS Block Delay at Node 2: 0.06673073768615723 
2024-05-30 13:38:41,752 dumbo.py [line:399] run_bft INFO Current Block's TPS at Node 2: 44.956793586028745 
2024-05-30 13:38:42,027 dumbo.py [line:394] run_bft INFO Node 2 Delivers ACS Block in Round 6 with having 3 TXs 
2024-05-30 13:38:42,027 dumbo.py [line:397] run_bft INFO ACS Block Delay at Node 2: 0.07460522651672363 
2024-05-30 13:38:42,027 dumbo.py [line:399] run_bft INFO Current Block's TPS at Node 2: 40.21165996094811 
2024-05-30 13:38:42,393 dumbo.py [line:394] run_bft INFO Node 2 Delivers ACS Block in Round 7 with having 3 TXs 
2024-05-30 13:38:42,394 dumbo.py [line:397] run_bft INFO ACS Block Delay at Node 2: 0.06541895866394043 
2024-05-30 13:38:42,394 dumbo.py [line:399] run_bft INFO Current Block's TPS at Node 2: 45.85826587994329 
2024-05-30 13:38:42,836 dumbo.py [line:394] run_bft INFO Node 2 Delivers ACS Block in Round 8 with having 3 TXs 
2024-05-30 13:38:42,836 dumbo.py [line:397] run_bft INFO ACS Block Delay at Node 2: 0.14148545265197754 
2024-05-30 13:38:42,836 dumbo.py [line:399] run_bft INFO Current Block's TPS at Node 2: 21.20359332898575 
2024-05-30 13:38:43,110 dumbo.py [line:394] run_bft INFO Node 2 Delivers ACS Block in Round 9 with having 3 TXs 
2024-05-30 13:38:43,110 dumbo.py [line:397] run_bft INFO ACS Block Delay at Node 2: 0.07297992706298828 
2024-05-30 13:38:43,110 dumbo.py [line:399] run_bft INFO Current Block's TPS at Node 2: 41.10719372754002 
2024-05-30 13:38:43,383 dumbo.py [line:394] run_bft INFO Node 2 Delivers ACS Block in Round 10 with having 3 TXs 
2024-05-30 13:38:43,383 dumbo.py [line:397] run_bft INFO ACS Block Delay at Node 2: 0.07262182235717773 
2024-05-30 13:38:43,383 dumbo.py [line:399] run_bft INFO Current Block's TPS at Node 2: 41.309896978969 
2024-05-30 13:38:43,883 dumbo.py [line:394] run_bft INFO Node 2 Delivers ACS Block in Round 11 with having 3 TXs 
2024-05-30 13:38:43,883 dumbo.py [line:397] run_bft INFO ACS Block Delay at Node 2: 0.2986476421356201 
2024-05-30 13:38:43,883 dumbo.py [line:399] run_bft INFO Current Block's TPS at Node 2: 10.045282723637435 
2024-05-30 13:38:44,160 dumbo.py [line:394] run_bft INFO Node 2 Delivers ACS Block in Round 12 with having 3 TXs 
2024-05-30 13:38:44,160 dumbo.py [line:397] run_bft INFO ACS Block Delay at Node 2: 0.07442831993103027 
2024-05-30 13:38:44,160 dumbo.py [line:399] run_bft INFO Current Block's TPS at Node 2: 40.30723792744454 
2024-05-30 13:38:44,527 dumbo.py [line:394] run_bft INFO Node 2 Delivers ACS Block in Round 13 with having 3 TXs 
2024-05-30 13:38:44,527 dumbo.py [line:397] run_bft INFO ACS Block Delay at Node 2: 0.06645512580871582 
2024-05-30 13:38:44,528 dumbo.py [line:399] run_bft INFO Current Block's TPS at Node 2: 45.14324461043364 
2024-05-30 13:38:44,802 dumbo.py [line:394] run_bft INFO Node 2 Delivers ACS Block in Round 14 with having 3 TXs 
2024-05-30 13:38:44,802 dumbo.py [line:397] run_bft INFO ACS Block Delay at Node 2: 0.07370901107788086 
2024-05-30 13:38:44,802 dumbo.py [line:399] run_bft INFO Current Block's TPS at Node 2: 40.70058675499259 
2024-05-30 13:38:45,074 dumbo.py [line:394] run_bft INFO Node 2 Delivers ACS Block in Round 15 with having 3 TXs 
2024-05-30 13:38:45,074 dumbo.py [line:397] run_bft INFO ACS Block Delay at Node 2: 0.07119369506835938 
2024-05-30 13:38:45,074 dumbo.py [line:399] run_bft INFO Current Block's TPS at Node 2: 42.138562932004504 
2024-05-30 13:38:45,352 dumbo.py [line:394] run_bft INFO Node 2 Delivers ACS Block in Round 16 with having 3 TXs 
2024-05-30 13:38:45,352 dumbo.py [line:397] run_bft INFO ACS Block Delay at Node 2: 0.07665252685546875 
2024-05-30 13:38:45,352 dumbo.py [line:399] run_bft INFO Current Block's TPS at Node 2: 39.13765303075545 
2024-05-30 13:38:45,622 dumbo.py [line:394] run_bft INFO Node 2 Delivers ACS Block in Round 17 with having 3 TXs 
2024-05-30 13:38:45,622 dumbo.py [line:397] run_bft INFO ACS Block Delay at Node 2: 0.06806349754333496 
2024-05-30 13:38:45,622 dumbo.py [line:399] run_bft INFO Current Block's TPS at Node 2: 44.07648898868218 
2024-05-30 13:38:45,890 dumbo.py [line:394] run_bft INFO Node 2 Delivers ACS Block in Round 18 with having 3 TXs 
2024-05-30 13:38:45,890 dumbo.py [line:397] run_bft INFO ACS Block Delay at Node 2: 0.06611371040344238 
2024-05-30 13:38:45,890 dumbo.py [line:399] run_bft INFO Current Block's TPS at Node 2: 45.37636719665634 
2024-05-30 13:38:46,238 dumbo.py [line:394] run_bft INFO Node 2 Delivers ACS Block in Round 19 with having 3 TXs 
2024-05-30 13:38:46,238 dumbo.py [line:397] run_bft INFO ACS Block Delay at Node 2: 0.14754772186279297 
2024-05-30 13:38:46,238 dumbo.py [line:399] run_bft INFO Current Block's TPS at Node 2: 20.33240474420709 
2024-05-30 13:38:46,509 dumbo.py [line:394] run_bft INFO Node 2 Delivers ACS Block in Round 20 with having 3 TXs 
2024-05-30 13:38:46,509 dumbo.py [line:397] run_bft INFO ACS Block Delay at Node 2: 0.06902956962585449 
2024-05-30 13:38:46,509 dumbo.py [line:399] run_bft INFO Current Block's TPS at Node 2: 43.45963644652904 
2024-05-30 13:38:47,005 dumbo.py [line:394] run_bft INFO Node 2 Delivers ACS Block in Round 21 with having 3 TXs 
2024-05-30 13:38:47,005 dumbo.py [line:397] run_bft INFO ACS Block Delay at Node 2: 0.19491076469421387 
2024-05-30 13:38:47,005 dumbo.py [line:399] run_bft INFO Current Block's TPS at Node 2: 15.391658868644612 
2024-05-30 13:38:47,359 dumbo.py [line:394] run_bft INFO Node 2 Delivers ACS Block in Round 22 with having 3 TXs 
2024-05-30 13:38:47,359 dumbo.py [line:397] run_bft INFO ACS Block Delay at Node 2: 0.1526169776916504 
2024-05-30 13:38:47,359 dumbo.py [line:399] run_bft INFO Current Block's TPS at Node 2: 19.657052874295836 
2024-05-30 13:38:47,630 dumbo.py [line:394] run_bft INFO Node 2 Delivers ACS Block in Round 23 with having 3 TXs 
2024-05-30 13:38:47,630 dumbo.py [line:397] run_bft INFO ACS Block Delay at Node 2: 0.0685727596282959 
2024-05-30 13:38:47,630 dumbo.py [line:399] run_bft INFO Current Block's TPS at Node 2: 43.74915077447282 
2024-05-30 13:38:48,065 dumbo.py [line:394] run_bft INFO Node 2 Delivers ACS Block in Round 24 with having 3 TXs 
2024-05-30 13:38:48,065 dumbo.py [line:397] run_bft INFO ACS Block Delay at Node 2: 0.23258543014526367 
2024-05-30 13:38:48,065 dumbo.py [line:399] run_bft INFO Current Block's TPS at Node 2: 12.898486367466434 
2024-05-30 13:38:48,332 dumbo.py [line:394] run_bft INFO Node 2 Delivers ACS Block in Round 25 with having 3 TXs 
2024-05-30 13:38:48,333 dumbo.py [line:397] run_bft INFO ACS Block Delay at Node 2: 0.06650471687316895 
2024-05-30 13:38:48,333 dumbo.py [line:399] run_bft INFO Current Block's TPS at Node 2: 45.10958231310564 
2024-05-30 13:38:48,704 dumbo.py [line:394] run_bft INFO Node 2 Delivers ACS Block in Round 26 with having 3 TXs 
2024-05-30 13:38:48,704 dumbo.py [line:397] run_bft INFO ACS Block Delay at Node 2: 0.06948471069335938 
2024-05-30 13:38:48,704 dumbo.py [line:399] run_bft INFO Current Block's TPS at Node 2: 43.174965687620094 
2024-05-30 13:38:48,973 dumbo.py [line:394] run_bft INFO Node 2 Delivers ACS Block in Round 27 with having 3 TXs 
2024-05-30 13:38:48,973 dumbo.py [line:397] run_bft INFO ACS Block Delay at Node 2: 0.06917524337768555 
2024-05-30 13:38:48,973 dumbo.py [line:399] run_bft INFO Current Block's TPS at Node 2: 43.36811630167298 
2024-05-30 13:38:49,322 dumbo.py [line:394] run_bft INFO Node 2 Delivers ACS Block in Round 28 with having 3 TXs 
2024-05-30 13:38:49,322 dumbo.py [line:397] run_bft INFO ACS Block Delay at Node 2: 0.14716339111328125 
2024-05-30 13:38:49,322 dumbo.py [line:399] run_bft INFO Current Block's TPS at Node 2: 20.38550469179325 
2024-05-30 13:41:09,347 dumbo.py [line:394] run_bft INFO Node 2 Delivers ACS Block in Round 29 with having 119 TXs 
2024-05-30 13:41:09,347 dumbo.py [line:397] run_bft INFO ACS Block Delay at Node 2: 0.07285785675048828 
2024-05-30 13:41:09,347 dumbo.py [line:399] run_bft INFO Current Block's TPS at Node 2: 1633.317329214498 
2024-05-30 13:42:29,550 dumbo.py [line:394] run_bft INFO Node 2 Delivers ACS Block in Round 30 with having 119 TXs 
2024-05-30 13:42:29,550 dumbo.py [line:397] run_bft INFO ACS Block Delay at Node 2: 0.07961845397949219 
2024-05-30 13:42:29,551 dumbo.py [line:399] run_bft INFO Current Block's TPS at Node 2: 1494.6283688283065 
2024-05-30 13:42:29,822 dumbo.py [line:394] run_bft INFO Node 2 Delivers ACS Block in Round 31 with having 3 TXs 
2024-05-30 13:42:29,822 dumbo.py [line:397] run_bft INFO ACS Block Delay at Node 2: 0.06998825073242188 
2024-05-30 13:42:29,822 dumbo.py [line:399] run_bft INFO Current Block's TPS at Node 2: 42.864337493868206 
2024-05-30 13:42:30,196 dumbo.py [line:394] run_bft INFO Node 2 Delivers ACS Block in Round 32 with having 3 TXs 
2024-05-30 13:42:30,196 dumbo.py [line:397] run_bft INFO ACS Block Delay at Node 2: 0.07284784317016602 
2024-05-30 13:42:30,196 dumbo.py [line:399] run_bft INFO Current Block's TPS at Node 2: 41.18172713764867 
2024-05-30 13:42:30,467 dumbo.py [line:394] run_bft INFO Node 2 Delivers ACS Block in Round 33 with having 3 TXs 
2024-05-30 13:42:30,467 dumbo.py [line:397] run_bft INFO ACS Block Delay at Node 2: 0.06908106803894043 
2024-05-30 13:42:30,467 dumbo.py [line:399] run_bft INFO Current Block's TPS at Node 2: 43.42723824577994 
2024-05-30 13:42:30,733 dumbo.py [line:394] run_bft INFO Node 2 Delivers ACS Block in Round 34 with having 3 TXs 
2024-05-30 13:42:30,733 dumbo.py [line:397] run_bft INFO ACS Block Delay at Node 2: 0.06457018852233887 
2024-05-30 13:42:30,733 dumbo.py [line:399] run_bft INFO Current Block's TPS at Node 2: 46.46106924346539 
2024-05-30 13:42:31,006 dumbo.py [line:394] run_bft INFO Node 2 Delivers ACS Block in Round 35 with having 3 TXs 
2024-05-30 13:42:31,006 dumbo.py [line:397] run_bft INFO ACS Block Delay at Node 2: 0.07060408592224121 
2024-05-30 13:42:31,006 dumbo.py [line:399] run_bft INFO Current Block's TPS at Node 2: 42.490458743478484 
2024-05-30 13:42:31,278 dumbo.py [line:394] run_bft INFO Node 2 Delivers ACS Block in Round 36 with having 3 TXs 
2024-05-30 13:42:31,278 dumbo.py [line:397] run_bft INFO ACS Block Delay at Node 2: 0.07138752937316895 
2024-05-30 13:42:31,278 dumbo.py [line:399] run_bft INFO Current Block's TPS at Node 2: 42.02414660294368 
2024-05-30 13:42:31,548 dumbo.py [line:394] run_bft INFO Node 2 Delivers ACS Block in Round 37 with having 3 TXs 
2024-05-30 13:42:31,548 dumbo.py [line:397] run_bft INFO ACS Block Delay at Node 2: 0.06785845756530762 
2024-05-30 13:42:31,548 dumbo.py [line:399] run_bft INFO Current Block's TPS at Node 2: 44.20966976905969 
2024-05-30 13:42:31,819 dumbo.py [line:394] run_bft INFO Node 2 Delivers ACS Block in Round 38 with having 3 TXs 
2024-05-30 13:42:31,819 dumbo.py [line:397] run_bft INFO ACS Block Delay at Node 2: 0.06955599784851074 
2024-05-30 13:42:31,819 dumbo.py [line:399] run_bft INFO Current Block's TPS at Node 2: 43.130716153822426 
2024-05-30 13:42:32,140 dumbo.py [line:394] run_bft INFO Node 2 Delivers ACS Block in Round 39 with having 3 TXs 
2024-05-30 13:42:32,140 dumbo.py [line:397] run_bft INFO ACS Block Delay at Node 2: 0.11898660659790039 
2024-05-30 13:42:32,140 dumbo.py [line:399] run_bft INFO Current Block's TPS at Node 2: 25.212921737806223 
2024-05-30 13:42:32,406 dumbo.py [line:394] run_bft INFO Node 2 Delivers ACS Block in Round 40 with having 3 TXs 
2024-05-30 13:42:32,406 dumbo.py [line:397] run_bft INFO ACS Block Delay at Node 2: 0.0648808479309082 
2024-05-30 13:42:32,406 dumbo.py [line:399] run_bft INFO Current Block's TPS at Node 2: 46.23860654834087 
2024-05-30 13:42:32,846 dumbo.py [line:394] run_bft INFO Node 2 Delivers ACS Block in Round 41 with having 3 TXs 
2024-05-30 13:42:32,846 dumbo.py [line:397] run_bft INFO ACS Block Delay at Node 2: 0.1371304988861084 
2024-05-30 13:42:32,846 dumbo.py [line:399] run_bft INFO Current Block's TPS at Node 2: 21.876971383963266 
2024-05-30 13:42:33,120 dumbo.py [line:394] run_bft INFO Node 2 Delivers ACS Block in Round 42 with having 3 TXs 
2024-05-30 13:42:33,120 dumbo.py [line:397] run_bft INFO ACS Block Delay at Node 2: 0.07352399826049805 
2024-05-30 13:42:33,120 dumbo.py [line:399] run_bft INFO Current Block's TPS at Node 2: 40.8030040663852 
2024-05-30 13:42:33,393 dumbo.py [line:394] run_bft INFO Node 2 Delivers ACS Block in Round 43 with having 3 TXs 
2024-05-30 13:42:33,393 dumbo.py [line:397] run_bft INFO ACS Block Delay at Node 2: 0.0709528923034668 
2024-05-30 13:42:33,393 dumbo.py [line:399] run_bft INFO Current Block's TPS at Node 2: 42.28157447294673 
2024-05-30 13:42:33,663 dumbo.py [line:394] run_bft INFO Node 2 Delivers ACS Block in Round 44 with having 3 TXs 
2024-05-30 13:42:33,663 dumbo.py [line:397] run_bft INFO ACS Block Delay at Node 2: 0.06911563873291016 
2024-05-30 13:42:33,663 dumbo.py [line:399] run_bft INFO Current Block's TPS at Node 2: 43.405516537193165 
2024-05-30 13:42:33,933 dumbo.py [line:394] run_bft INFO Node 2 Delivers ACS Block in Round 45 with having 3 TXs 
2024-05-30 13:42:33,933 dumbo.py [line:397] run_bft INFO ACS Block Delay at Node 2: 0.0689554214477539 
2024-05-30 13:42:33,933 dumbo.py [line:399] run_bft INFO Current Block's TPS at Node 2: 43.50636885415946 
2024-05-30 13:42:34,206 dumbo.py [line:394] run_bft INFO Node 2 Delivers ACS Block in Round 46 with having 3 TXs 
2024-05-30 13:42:34,206 dumbo.py [line:397] run_bft INFO ACS Block Delay at Node 2: 0.07140350341796875 
2024-05-30 13:42:34,207 dumbo.py [line:399] run_bft INFO Current Block's TPS at Node 2: 42.01474516508174 
2024-05-30 13:42:34,475 dumbo.py [line:394] run_bft INFO Node 2 Delivers ACS Block in Round 47 with having 3 TXs 
2024-05-30 13:42:34,475 dumbo.py [line:397] run_bft INFO ACS Block Delay at Node 2: 0.06703615188598633 
2024-05-30 13:42:34,475 dumbo.py [line:399] run_bft INFO Current Block's TPS at Node 2: 44.751972116513144 
2024-05-30 13:42:34,826 dumbo.py [line:394] run_bft INFO Node 2 Delivers ACS Block in Round 48 with having 3 TXs 
2024-05-30 13:42:34,826 dumbo.py [line:397] run_bft INFO ACS Block Delay at Node 2: 0.15119385719299316 
2024-05-30 13:42:34,826 dumbo.py [line:399] run_bft INFO Current Block's TPS at Node 2: 19.842075965894665 
2024-05-30 13:42:35,105 dumbo.py [line:394] run_bft INFO Node 2 Delivers ACS Block in Round 49 with having 3 TXs 
2024-05-30 13:42:35,105 dumbo.py [line:397] run_bft INFO ACS Block Delay at Node 2: 0.07706189155578613 
2024-05-30 13:42:35,105 dumbo.py [line:399] run_bft INFO Current Block's TPS at Node 2: 38.92974775772614 
2024-05-30 13:42:35,477 dumbo.py [line:394] run_bft INFO Node 2 Delivers ACS Block in Round 50 with having 3 TXs 
2024-05-30 13:42:35,477 dumbo.py [line:397] run_bft INFO ACS Block Delay at Node 2: 0.07042050361633301 
2024-05-30 13:42:35,477 dumbo.py [line:399] run_bft INFO Current Block's TPS at Node 2: 42.60122898786248 
2024-05-30 13:42:35,749 dumbo.py [line:394] run_bft INFO Node 2 Delivers ACS Block in Round 51 with having 3 TXs 
2024-05-30 13:42:35,749 dumbo.py [line:397] run_bft INFO ACS Block Delay at Node 2: 0.07123994827270508 
2024-05-30 13:42:35,749 dumbo.py [line:399] run_bft INFO Current Block's TPS at Node 2: 42.11120407493926 
2024-05-30 13:42:36,287 dumbo.py [line:394] run_bft INFO Node 2 Delivers ACS Block in Round 52 with having 3 TXs 
2024-05-30 13:42:36,287 dumbo.py [line:397] run_bft INFO ACS Block Delay at Node 2: 0.23521995544433594 
2024-05-30 13:42:36,287 dumbo.py [line:399] run_bft INFO Current Block's TPS at Node 2: 12.754019931399657 
2024-05-30 13:42:36,560 dumbo.py [line:394] run_bft INFO Node 2 Delivers ACS Block in Round 53 with having 3 TXs 
2024-05-30 13:42:36,560 dumbo.py [line:397] run_bft INFO ACS Block Delay at Node 2: 0.07127499580383301 
2024-05-30 13:42:36,560 dumbo.py [line:399] run_bft INFO Current Block's TPS at Node 2: 42.09049704130136 
2024-05-30 13:42:36,935 dumbo.py [line:394] run_bft INFO Node 2 Delivers ACS Block in Round 54 with having 3 TXs 
2024-05-30 13:42:36,935 dumbo.py [line:397] run_bft INFO ACS Block Delay at Node 2: 0.17325592041015625 
2024-05-30 13:42:36,935 dumbo.py [line:399] run_bft INFO Current Block's TPS at Node 2: 17.315425602184156 
2024-05-30 13:42:37,256 dumbo.py [line:394] run_bft INFO Node 2 Delivers ACS Block in Round 55 with having 3 TXs 
2024-05-30 13:42:37,256 dumbo.py [line:397] run_bft INFO ACS Block Delay at Node 2: 0.12045955657958984 
2024-05-30 13:42:37,256 dumbo.py [line:399] run_bft INFO Current Block's TPS at Node 2: 24.904624300338053 
2024-05-30 13:42:37,580 dumbo.py [line:394] run_bft INFO Node 2 Delivers ACS Block in Round 56 with having 3 TXs 
2024-05-30 13:42:37,580 dumbo.py [line:397] run_bft INFO ACS Block Delay at Node 2: 0.12260937690734863 
2024-05-30 13:42:37,580 dumbo.py [line:399] run_bft INFO Current Block's TPS at Node 2: 24.467949154223245 
2024-05-30 13:42:37,849 dumbo.py [line:394] run_bft INFO Node 2 Delivers ACS Block in Round 57 with having 3 TXs 
2024-05-30 13:42:37,850 dumbo.py [line:397] run_bft INFO ACS Block Delay at Node 2: 0.06891727447509766 
2024-05-30 13:42:37,850 dumbo.py [line:399] run_bft INFO Current Block's TPS at Node 2: 43.530450425517195 
2024-05-30 13:42:38,122 dumbo.py [line:394] run_bft INFO Node 2 Delivers ACS Block in Round 58 with having 3 TXs 
2024-05-30 13:42:38,122 dumbo.py [line:397] run_bft INFO ACS Block Delay at Node 2: 0.07179689407348633 
2024-05-30 13:42:38,122 dumbo.py [line:399] run_bft INFO Current Block's TPS at Node 2: 41.78453732175946 
2024-05-30 13:42:38,445 dumbo.py [line:394] run_bft INFO Node 2 Delivers ACS Block in Round 59 with having 3 TXs 
2024-05-30 13:42:38,445 dumbo.py [line:397] run_bft INFO ACS Block Delay at Node 2: 0.12111616134643555 
2024-05-30 13:42:38,445 dumbo.py [line:399] run_bft INFO Current Block's TPS at Node 2: 24.76960932917059 
2024-05-30 13:42:38,721 dumbo.py [line:394] run_bft INFO Node 2 Delivers ACS Block in Round 60 with having 3 TXs 
2024-05-30 13:42:38,721 dumbo.py [line:397] run_bft INFO ACS Block Delay at Node 2: 0.07524824142456055 
2024-05-30 13:42:38,722 dumbo.py [line:399] run_bft INFO Current Block's TPS at Node 2: 39.868041341638836 
2024-05-30 13:42:39,092 dumbo.py [line:394] run_bft INFO Node 2 Delivers ACS Block in Round 61 with having 3 TXs 
2024-05-30 13:42:39,092 dumbo.py [line:397] run_bft INFO ACS Block Delay at Node 2: 0.06813478469848633 
2024-05-30 13:42:39,092 dumbo.py [line:399] run_bft INFO Current Block's TPS at Node 2: 44.03037322677043 
2024-05-30 13:42:39,363 dumbo.py [line:394] run_bft INFO Node 2 Delivers ACS Block in Round 62 with having 3 TXs 
2024-05-30 13:42:39,363 dumbo.py [line:397] run_bft INFO ACS Block Delay at Node 2: 0.06861662864685059 
2024-05-30 13:42:39,363 dumbo.py [line:399] run_bft INFO Current Block's TPS at Node 2: 43.72118040715916 
2024-05-30 13:42:39,635 dumbo.py [line:394] run_bft INFO Node 2 Delivers ACS Block in Round 63 with having 3 TXs 
2024-05-30 13:42:39,635 dumbo.py [line:397] run_bft INFO ACS Block Delay at Node 2: 0.07190322875976562 
2024-05-30 13:42:39,635 dumbo.py [line:399] run_bft INFO Current Block's TPS at Node 2: 41.72274391214388 
2024-05-30 13:42:39,907 dumbo.py [line:394] run_bft INFO Node 2 Delivers ACS Block in Round 64 with having 3 TXs 
2024-05-30 13:42:39,907 dumbo.py [line:397] run_bft INFO ACS Block Delay at Node 2: 0.07114338874816895 
2024-05-30 13:42:39,907 dumbo.py [line:399] run_bft INFO Current Block's TPS at Node 2: 42.16835960147053 
2024-05-30 13:42:40,173 dumbo.py [line:394] run_bft INFO Node 2 Delivers ACS Block in Round 65 with having 3 TXs 
2024-05-30 13:42:40,173 dumbo.py [line:397] run_bft INFO ACS Block Delay at Node 2: 0.06496143341064453 
2024-05-30 13:42:40,173 dumbo.py [line:399] run_bft INFO Current Block's TPS at Node 2: 46.1812469721215 
2024-05-30 13:42:40,593 dumbo.py [line:394] run_bft INFO Node 2 Delivers ACS Block in Round 66 with having 3 TXs 
2024-05-30 13:42:40,593 dumbo.py [line:397] run_bft INFO ACS Block Delay at Node 2: 0.2197883129119873 
2024-05-30 13:42:40,593 dumbo.py [line:399] run_bft INFO Current Block's TPS at Node 2: 13.64949737432731 
2024-05-30 13:42:40,915 dumbo.py [line:394] run_bft INFO Node 2 Delivers ACS Block in Round 67 with having 3 TXs 
2024-05-30 13:42:40,915 dumbo.py [line:397] run_bft INFO ACS Block Delay at Node 2: 0.11992907524108887 
2024-05-30 13:42:40,915 dumbo.py [line:399] run_bft INFO Current Block's TPS at Node 2: 25.01478472980146 
2024-05-30 13:42:41,179 dumbo.py [line:394] run_bft INFO Node 2 Delivers ACS Block in Round 68 with having 3 TXs 
2024-05-30 13:42:41,179 dumbo.py [line:397] run_bft INFO ACS Block Delay at Node 2: 0.06293201446533203 
2024-05-30 13:42:41,179 dumbo.py [line:399] run_bft INFO Current Block's TPS at Node 2: 47.67049053630151 
2024-05-30 13:42:41,550 dumbo.py [line:394] run_bft INFO Node 2 Delivers ACS Block in Round 69 with having 3 TXs 
2024-05-30 13:42:41,551 dumbo.py [line:397] run_bft INFO ACS Block Delay at Node 2: 0.06942248344421387 
2024-05-30 13:42:41,551 dumbo.py [line:399] run_bft INFO Current Block's TPS at Node 2: 43.21366582068075 
2024-05-30 13:42:41,880 dumbo.py [line:394] run_bft INFO Node 2 Delivers ACS Block in Round 70 with having 3 TXs 
2024-05-30 13:42:41,880 dumbo.py [line:397] run_bft INFO ACS Block Delay at Node 2: 0.12812352180480957 
2024-05-30 13:42:41,880 dumbo.py [line:399] run_bft INFO Current Block's TPS at Node 2: 23.41490428721094 
2024-05-30 13:42:42,149 dumbo.py [line:394] run_bft INFO Node 2 Delivers ACS Block in Round 71 with having 3 TXs 
2024-05-30 13:42:42,149 dumbo.py [line:397] run_bft INFO ACS Block Delay at Node 2: 0.06740403175354004 
2024-05-30 13:42:42,149 dumbo.py [line:399] run_bft INFO Current Block's TPS at Node 2: 44.50772338024781 
2024-05-30 13:42:42,568 dumbo.py [line:394] run_bft INFO Node 2 Delivers ACS Block in Round 72 with having 3 TXs 
2024-05-30 13:42:42,568 dumbo.py [line:397] run_bft INFO ACS Block Delay at Node 2: 0.11704134941101074 
2024-05-30 13:42:42,568 dumbo.py [line:399] run_bft INFO Current Block's TPS at Node 2: 25.631966950970348 
2024-05-30 13:42:42,837 dumbo.py [line:394] run_bft INFO Node 2 Delivers ACS Block in Round 73 with having 3 TXs 
2024-05-30 13:42:42,837 dumbo.py [line:397] run_bft INFO ACS Block Delay at Node 2: 0.06798648834228516 
2024-05-30 13:42:42,837 dumbo.py [line:399] run_bft INFO Current Block's TPS at Node 2: 44.12641501493919 
2024-05-30 13:42:43,108 dumbo.py [line:394] run_bft INFO Node 2 Delivers ACS Block in Round 74 with having 3 TXs 
2024-05-30 13:42:43,108 dumbo.py [line:397] run_bft INFO ACS Block Delay at Node 2: 0.06957578659057617 
2024-05-30 13:42:43,108 dumbo.py [line:399] run_bft INFO Current Block's TPS at Node 2: 43.1184489174908 
2024-05-30 13:42:43,515 dumbo.py [line:394] run_bft INFO Node 2 Delivers ACS Block in Round 75 with having 3 TXs 
2024-05-30 13:42:43,515 dumbo.py [line:397] run_bft INFO ACS Block Delay at Node 2: 0.2062973976135254 
2024-05-30 13:42:43,515 dumbo.py [line:399] run_bft INFO Current Block's TPS at Node 2: 14.542112671824185 
2024-05-30 13:42:43,846 dumbo.py [line:394] run_bft INFO Node 2 Delivers ACS Block in Round 76 with having 3 TXs 
2024-05-30 13:42:43,846 dumbo.py [line:397] run_bft INFO ACS Block Delay at Node 2: 0.1302802562713623 
2024-05-30 13:42:43,846 dumbo.py [line:399] run_bft INFO Current Block's TPS at Node 2: 23.0272804633671 
2024-05-30 13:42:44,117 dumbo.py [line:394] run_bft INFO Node 2 Delivers ACS Block in Round 77 with having 3 TXs 
2024-05-30 13:42:44,117 dumbo.py [line:397] run_bft INFO ACS Block Delay at Node 2: 0.0702660083770752 
2024-05-30 13:42:44,117 dumbo.py [line:399] run_bft INFO Current Block's TPS at Node 2: 42.69489713861094 
2024-05-30 13:42:44,383 dumbo.py [line:394] run_bft INFO Node 2 Delivers ACS Block in Round 78 with having 3 TXs 
2024-05-30 13:42:44,384 dumbo.py [line:397] run_bft INFO ACS Block Delay at Node 2: 0.0644693374633789 
2024-05-30 13:42:44,384 dumbo.py [line:399] run_bft INFO Current Block's TPS at Node 2: 46.53374950074703 
2024-05-30 13:42:44,714 dumbo.py [line:394] run_bft INFO Node 2 Delivers ACS Block in Round 79 with having 3 TXs 
2024-05-30 13:42:44,714 dumbo.py [line:397] run_bft INFO ACS Block Delay at Node 2: 0.1290736198425293 
2024-05-30 13:42:44,714 dumbo.py [line:399] run_bft INFO Current Block's TPS at Node 2: 23.24254951290605 
2024-05-30 13:42:44,985 dumbo.py [line:394] run_bft INFO Node 2 Delivers ACS Block in Round 80 with having 3 TXs 
2024-05-30 13:42:44,985 dumbo.py [line:397] run_bft INFO ACS Block Delay at Node 2: 0.06855034828186035 
2024-05-30 13:42:44,985 dumbo.py [line:399] run_bft INFO Current Block's TPS at Node 2: 43.763453799896354 
2024-05-30 13:42:45,360 dumbo.py [line:394] run_bft INFO Node 2 Delivers ACS Block in Round 81 with having 3 TXs 
2024-05-30 13:42:45,360 dumbo.py [line:397] run_bft INFO ACS Block Delay at Node 2: 0.17385268211364746 
2024-05-30 13:42:45,360 dumbo.py [line:399] run_bft INFO Current Block's TPS at Node 2: 17.25598917156136 
2024-05-30 13:42:45,628 dumbo.py [line:394] run_bft INFO Node 2 Delivers ACS Block in Round 82 with having 3 TXs 
2024-05-30 13:42:45,628 dumbo.py [line:397] run_bft INFO ACS Block Delay at Node 2: 0.06622886657714844 
2024-05-30 13:42:45,628 dumbo.py [line:399] run_bft INFO Current Block's TPS at Node 2: 45.29746853670478 
2024-05-30 13:42:45,909 dumbo.py [line:394] run_bft INFO Node 2 Delivers ACS Block in Round 83 with having 3 TXs 
2024-05-30 13:42:45,909 dumbo.py [line:397] run_bft INFO ACS Block Delay at Node 2: 0.07992124557495117 
2024-05-30 13:42:45,909 dumbo.py [line:399] run_bft INFO Current Block's TPS at Node 2: 37.53695251391648 
2024-05-30 13:42:46,184 dumbo.py [line:394] run_bft INFO Node 2 Delivers ACS Block in Round 84 with having 3 TXs 
2024-05-30 13:42:46,184 dumbo.py [line:397] run_bft INFO ACS Block Delay at Node 2: 0.07277727127075195 
2024-05-30 13:42:46,184 dumbo.py [line:399] run_bft INFO Current Block's TPS at Node 2: 41.221660933660935 
2024-05-30 13:42:46,460 dumbo.py [line:394] run_bft INFO Node 2 Delivers ACS Block in Round 85 with having 3 TXs 
2024-05-30 13:42:46,460 dumbo.py [line:397] run_bft INFO ACS Block Delay at Node 2: 0.07512402534484863 
2024-05-30 13:42:46,460 dumbo.py [line:399] run_bft INFO Current Block's TPS at Node 2: 39.93396235397169 
2024-05-30 13:42:46,789 dumbo.py [line:394] run_bft INFO Node 2 Delivers ACS Block in Round 86 with having 3 TXs 
2024-05-30 13:42:46,789 dumbo.py [line:397] run_bft INFO ACS Block Delay at Node 2: 0.12748479843139648 
2024-05-30 13:42:46,789 dumbo.py [line:399] run_bft INFO Current Block's TPS at Node 2: 23.5322174636719 
2024-05-30 13:42:47,054 dumbo.py [line:394] run_bft INFO Node 2 Delivers ACS Block in Round 87 with having 3 TXs 
2024-05-30 13:42:47,054 dumbo.py [line:397] run_bft INFO ACS Block Delay at Node 2: 0.0639798641204834 
2024-05-30 13:42:47,054 dumbo.py [line:399] run_bft INFO Current Block's TPS at Node 2: 46.88975260013937 
2024-05-30 13:42:47,323 dumbo.py [line:394] run_bft INFO Node 2 Delivers ACS Block in Round 88 with having 3 TXs 
2024-05-30 13:42:47,323 dumbo.py [line:397] run_bft INFO ACS Block Delay at Node 2: 0.06813549995422363 
2024-05-30 13:42:47,323 dumbo.py [line:399] run_bft INFO Current Block's TPS at Node 2: 44.02991101577781 
2024-05-30 13:42:47,593 dumbo.py [line:394] run_bft INFO Node 2 Delivers ACS Block in Round 89 with having 3 TXs 
2024-05-30 13:42:47,593 dumbo.py [line:397] run_bft INFO ACS Block Delay at Node 2: 0.06918001174926758 
2024-05-30 13:42:47,593 dumbo.py [line:399] run_bft INFO Current Block's TPS at Node 2: 43.36512706694881 
2024-05-30 13:42:48,036 dumbo.py [line:394] run_bft INFO Node 2 Delivers ACS Block in Round 90 with having 3 TXs 
2024-05-30 13:42:48,036 dumbo.py [line:397] run_bft INFO ACS Block Delay at Node 2: 0.14154958724975586 
2024-05-30 13:42:48,036 dumbo.py [line:399] run_bft INFO Current Block's TPS at Node 2: 21.19398620856928 
2024-05-30 13:42:48,310 dumbo.py [line:394] run_bft INFO Node 2 Delivers ACS Block in Round 91 with having 3 TXs 
2024-05-30 13:42:48,310 dumbo.py [line:397] run_bft INFO ACS Block Delay at Node 2: 0.07210493087768555 
2024-05-30 13:42:48,310 dumbo.py [line:399] run_bft INFO Current Block's TPS at Node 2: 41.606031147703604 
2024-05-30 13:42:48,573 dumbo.py [line:394] run_bft INFO Node 2 Delivers ACS Block in Round 92 with having 3 TXs 
2024-05-30 13:42:48,573 dumbo.py [line:397] run_bft INFO ACS Block Delay at Node 2: 0.06292963027954102 
2024-05-30 13:42:48,573 dumbo.py [line:399] run_bft INFO Current Block's TPS at Node 2: 47.67229660612398 
2024-05-30 13:42:48,842 dumbo.py [line:394] run_bft INFO Node 2 Delivers ACS Block in Round 93 with having 3 TXs 
2024-05-30 13:42:48,842 dumbo.py [line:397] run_bft INFO ACS Block Delay at Node 2: 0.06731820106506348 
2024-05-30 13:42:48,842 dumbo.py [line:399] run_bft INFO Current Block's TPS at Node 2: 44.56447071573527 
2024-05-30 13:42:49,115 dumbo.py [line:394] run_bft INFO Node 2 Delivers ACS Block in Round 94 with having 3 TXs 
2024-05-30 13:42:49,116 dumbo.py [line:397] run_bft INFO ACS Block Delay at Node 2: 0.0712122917175293 
2024-05-30 13:42:49,116 dumbo.py [line:399] run_bft INFO Current Block's TPS at Node 2: 42.12755870713726 
2024-05-30 13:42:49,392 dumbo.py [line:394] run_bft INFO Node 2 Delivers ACS Block in Round 95 with having 3 TXs 
2024-05-30 13:42:49,392 dumbo.py [line:397] run_bft INFO ACS Block Delay at Node 2: 0.07642722129821777 
2024-05-30 13:42:49,392 dumbo.py [line:399] run_bft INFO Current Block's TPS at Node 2: 39.25302986345727 
2024-05-30 13:42:49,661 dumbo.py [line:394] run_bft INFO Node 2 Delivers ACS Block in Round 96 with having 3 TXs 
2024-05-30 13:42:49,661 dumbo.py [line:397] run_bft INFO ACS Block Delay at Node 2: 0.06763315200805664 
2024-05-30 13:42:49,661 dumbo.py [line:399] run_bft INFO Current Block's TPS at Node 2: 44.35694494384399 
2024-05-30 13:42:49,933 dumbo.py [line:394] run_bft INFO Node 2 Delivers ACS Block in Round 97 with having 3 TXs 
2024-05-30 13:42:49,933 dumbo.py [line:397] run_bft INFO ACS Block Delay at Node 2: 0.07085585594177246 
2024-05-30 13:42:49,933 dumbo.py [line:399] run_bft INFO Current Block's TPS at Node 2: 42.33947865177613 
2024-05-30 13:42:50,209 dumbo.py [line:394] run_bft INFO Node 2 Delivers ACS Block in Round 98 with having 3 TXs 
2024-05-30 13:42:50,209 dumbo.py [line:397] run_bft INFO ACS Block Delay at Node 2: 0.07463502883911133 
2024-05-30 13:42:50,209 dumbo.py [line:399] run_bft INFO Current Block's TPS at Node 2: 40.195603145903746 
2024-05-30 13:42:50,585 dumbo.py [line:394] run_bft INFO Node 2 Delivers ACS Block in Round 99 with having 3 TXs 
2024-05-30 13:42:50,585 dumbo.py [line:397] run_bft INFO ACS Block Delay at Node 2: 0.07309150695800781 
2024-05-30 13:42:50,585 dumbo.py [line:399] run_bft INFO Current Block's TPS at Node 2: 41.0444403851674 
2024-05-30 13:42:50,856 dumbo.py [line:394] run_bft INFO Node 2 Delivers ACS Block in Round 100 with having 3 TXs 
2024-05-30 13:42:50,856 dumbo.py [line:397] run_bft INFO ACS Block Delay at Node 2: 0.0705265998840332 
2024-05-30 13:42:50,856 dumbo.py [line:399] run_bft INFO Current Block's TPS at Node 2: 42.537142084446096 
2024-05-30 13:42:51,123 dumbo.py [line:394] run_bft INFO Node 2 Delivers ACS Block in Round 101 with having 3 TXs 
2024-05-30 13:42:51,123 dumbo.py [line:397] run_bft INFO ACS Block Delay at Node 2: 0.06605291366577148 
2024-05-30 13:42:51,123 dumbo.py [line:399] run_bft INFO Current Block's TPS at Node 2: 45.41813272886091 
2024-05-30 13:42:51,415 dumbo.py [line:394] run_bft INFO Node 2 Delivers ACS Block in Round 102 with having 3 TXs 
2024-05-30 13:42:51,415 dumbo.py [line:397] run_bft INFO ACS Block Delay at Node 2: 0.09177970886230469 
2024-05-30 13:42:51,415 dumbo.py [line:399] run_bft INFO Current Block's TPS at Node 2: 32.686963569483986 
2024-05-30 13:42:51,689 dumbo.py [line:394] run_bft INFO Node 2 Delivers ACS Block in Round 103 with having 3 TXs 
2024-05-30 13:42:51,689 dumbo.py [line:397] run_bft INFO ACS Block Delay at Node 2: 0.07309842109680176 
2024-05-30 13:42:51,689 dumbo.py [line:399] run_bft INFO Current Block's TPS at Node 2: 41.04055812679185 
